2022-11-14 13:36:53 - INFO - train.py
2022-11-14 13:36:53 - INFO - train data: 11904
2022-11-14 13:36:53 - INFO - valid data: 1000
2022-11-14 13:36:53 - INFO - test2013 data: 107
2022-11-14 13:36:53 - INFO - test2016 data: 285
2022-11-14 13:36:53 - INFO - test2019 data: 4366
2022-11-14 13:37:09 - INFO - epoch-0, train_loss-95.5263, train_rmse-9.7738, valid_rmse-2.6248, valid_pr-0.3163
2022-11-14 13:37:26 - INFO - epoch-1, train_loss-19.6206, train_rmse-4.4295, valid_rmse-2.2154, valid_pr-0.4154
2022-11-14 13:37:42 - INFO - epoch-2, train_loss-11.3984, train_rmse-3.3761, valid_rmse-1.9762, valid_pr-0.4797
2022-11-14 13:37:58 - INFO - epoch-3, train_loss-8.1002, train_rmse-2.8461, valid_rmse-1.8373, valid_pr-0.5082
2022-11-14 13:38:15 - INFO - epoch-4, train_loss-6.4080, train_rmse-2.5314, valid_rmse-1.8172, valid_pr-0.5211
2022-11-14 13:38:32 - INFO - epoch-5, train_loss-5.2364, train_rmse-2.2883, valid_rmse-1.7669, valid_pr-0.5344
2022-11-14 13:38:48 - INFO - epoch-6, train_loss-4.5330, train_rmse-2.1291, valid_rmse-1.6819, valid_pr-0.5564
2022-11-14 13:39:05 - INFO - epoch-7, train_loss-4.0545, train_rmse-2.0136, valid_rmse-1.6842, valid_pr-0.5622
2022-11-14 13:39:22 - INFO - epoch-8, train_loss-3.7596, train_rmse-1.9390, valid_rmse-1.6397, valid_pr-0.5702
2022-11-14 13:39:37 - INFO - epoch-9, train_loss-3.4069, train_rmse-1.8458, valid_rmse-1.6041, valid_pr-0.5664
2022-11-14 13:39:54 - INFO - epoch-10, train_loss-3.2055, train_rmse-1.7904, valid_rmse-1.6053, valid_pr-0.5827
2022-11-14 13:40:11 - INFO - epoch-11, train_loss-3.1366, train_rmse-1.7711, valid_rmse-1.5866, valid_pr-0.5779
2022-11-14 13:40:27 - INFO - epoch-12, train_loss-2.8476, train_rmse-1.6875, valid_rmse-1.5895, valid_pr-0.5798
2022-11-14 13:40:43 - INFO - epoch-13, train_loss-2.7706, train_rmse-1.6645, valid_rmse-1.5492, valid_pr-0.5943
2022-11-14 13:41:00 - INFO - epoch-14, train_loss-2.6356, train_rmse-1.6235, valid_rmse-1.5369, valid_pr-0.5957
2022-11-14 13:41:16 - INFO - epoch-15, train_loss-2.5719, train_rmse-1.6037, valid_rmse-1.5834, valid_pr-0.5944
2022-11-14 13:41:32 - INFO - epoch-16, train_loss-2.4607, train_rmse-1.5687, valid_rmse-1.5564, valid_pr-0.6015
2022-11-14 13:41:48 - INFO - epoch-17, train_loss-2.3959, train_rmse-1.5479, valid_rmse-1.5316, valid_pr-0.6027
2022-11-14 13:42:04 - INFO - epoch-18, train_loss-2.3405, train_rmse-1.5299, valid_rmse-1.5270, valid_pr-0.6009
2022-11-14 13:42:21 - INFO - epoch-19, train_loss-2.2590, train_rmse-1.5030, valid_rmse-1.5122, valid_pr-0.6113
2022-11-14 13:42:37 - INFO - epoch-20, train_loss-2.2317, train_rmse-1.4939, valid_rmse-1.5032, valid_pr-0.6108
2022-11-14 13:42:54 - INFO - epoch-21, train_loss-2.1888, train_rmse-1.4794, valid_rmse-1.4985, valid_pr-0.6141
2022-11-14 13:43:10 - INFO - epoch-22, train_loss-2.1052, train_rmse-1.4509, valid_rmse-1.4949, valid_pr-0.6142
2022-11-14 13:43:26 - INFO - epoch-23, train_loss-2.0915, train_rmse-1.4462, valid_rmse-1.5212, valid_pr-0.6221
2022-11-14 13:43:42 - INFO - epoch-24, train_loss-2.0209, train_rmse-1.4216, valid_rmse-1.5143, valid_pr-0.6336
2022-11-14 13:43:58 - INFO - epoch-25, train_loss-2.0223, train_rmse-1.4221, valid_rmse-1.4933, valid_pr-0.6175
2022-11-14 13:44:14 - INFO - epoch-26, train_loss-1.9678, train_rmse-1.4028, valid_rmse-1.5274, valid_pr-0.6084
2022-11-14 13:44:30 - INFO - epoch-27, train_loss-1.9545, train_rmse-1.3980, valid_rmse-1.5088, valid_pr-0.6304
2022-11-14 13:44:46 - INFO - epoch-28, train_loss-1.9378, train_rmse-1.3921, valid_rmse-1.4887, valid_pr-0.6309
2022-11-14 13:45:03 - INFO - epoch-29, train_loss-1.8685, train_rmse-1.3669, valid_rmse-1.4645, valid_pr-0.6323
2022-11-14 13:45:19 - INFO - epoch-30, train_loss-1.9149, train_rmse-1.3838, valid_rmse-1.4697, valid_pr-0.6296
2022-11-14 13:45:34 - INFO - epoch-31, train_loss-1.8290, train_rmse-1.3524, valid_rmse-1.4772, valid_pr-0.6287
2022-11-14 13:45:51 - INFO - epoch-32, train_loss-1.8517, train_rmse-1.3608, valid_rmse-1.4682, valid_pr-0.6407
2022-11-14 13:46:07 - INFO - epoch-33, train_loss-1.7986, train_rmse-1.3411, valid_rmse-1.4771, valid_pr-0.6322
2022-11-14 13:46:23 - INFO - epoch-34, train_loss-1.7964, train_rmse-1.3403, valid_rmse-1.5363, valid_pr-0.6226
2022-11-14 13:46:40 - INFO - epoch-35, train_loss-1.7545, train_rmse-1.3246, valid_rmse-1.5075, valid_pr-0.6330
2022-11-14 13:46:56 - INFO - epoch-36, train_loss-1.7375, train_rmse-1.3182, valid_rmse-1.4404, valid_pr-0.6447
2022-11-14 13:47:12 - INFO - epoch-37, train_loss-1.7179, train_rmse-1.3107, valid_rmse-1.4387, valid_pr-0.6444
2022-11-14 13:47:29 - INFO - epoch-38, train_loss-1.6909, train_rmse-1.3003, valid_rmse-1.4476, valid_pr-0.6405
2022-11-14 13:47:46 - INFO - epoch-39, train_loss-1.6800, train_rmse-1.2961, valid_rmse-1.4566, valid_pr-0.6428
2022-11-14 13:48:02 - INFO - epoch-40, train_loss-1.6809, train_rmse-1.2965, valid_rmse-1.4416, valid_pr-0.6460
2022-11-14 13:48:18 - INFO - epoch-41, train_loss-1.6282, train_rmse-1.2760, valid_rmse-1.4346, valid_pr-0.6492
2022-11-14 13:48:35 - INFO - epoch-42, train_loss-1.6318, train_rmse-1.2774, valid_rmse-1.4563, valid_pr-0.6458
2022-11-14 13:48:51 - INFO - epoch-43, train_loss-1.6104, train_rmse-1.2690, valid_rmse-1.4419, valid_pr-0.6471
2022-11-14 13:49:07 - INFO - epoch-44, train_loss-1.6000, train_rmse-1.2649, valid_rmse-1.4373, valid_pr-0.6491
2022-11-14 13:49:23 - INFO - epoch-45, train_loss-1.5688, train_rmse-1.2525, valid_rmse-1.4470, valid_pr-0.6488
2022-11-14 13:49:39 - INFO - epoch-46, train_loss-1.5701, train_rmse-1.2530, valid_rmse-1.4370, valid_pr-0.6486
2022-11-14 13:49:54 - INFO - epoch-47, train_loss-1.5513, train_rmse-1.2455, valid_rmse-1.4186, valid_pr-0.6543
2022-11-14 13:50:11 - INFO - epoch-48, train_loss-1.5404, train_rmse-1.2411, valid_rmse-1.4265, valid_pr-0.6578
2022-11-14 13:50:27 - INFO - epoch-49, train_loss-1.5367, train_rmse-1.2396, valid_rmse-1.4218, valid_pr-0.6561
2022-11-14 13:50:43 - INFO - epoch-50, train_loss-1.5359, train_rmse-1.2393, valid_rmse-1.4227, valid_pr-0.6544
2022-11-14 13:50:59 - INFO - epoch-51, train_loss-1.4993, train_rmse-1.2245, valid_rmse-1.4324, valid_pr-0.6618
2022-11-14 13:51:15 - INFO - epoch-52, train_loss-1.4932, train_rmse-1.2220, valid_rmse-1.4859, valid_pr-0.6479
2022-11-14 13:51:31 - INFO - epoch-53, train_loss-1.5064, train_rmse-1.2273, valid_rmse-1.4188, valid_pr-0.6570
2022-11-14 13:51:47 - INFO - epoch-54, train_loss-1.4893, train_rmse-1.2204, valid_rmse-1.5460, valid_pr-0.6535
2022-11-14 13:52:03 - INFO - epoch-55, train_loss-1.4864, train_rmse-1.2192, valid_rmse-1.3985, valid_pr-0.6686
2022-11-14 13:52:19 - INFO - epoch-56, train_loss-1.4764, train_rmse-1.2151, valid_rmse-1.4378, valid_pr-0.6571
2022-11-14 13:52:36 - INFO - epoch-57, train_loss-1.4438, train_rmse-1.2016, valid_rmse-1.4510, valid_pr-0.6564
2022-11-14 13:52:52 - INFO - epoch-58, train_loss-1.4427, train_rmse-1.2011, valid_rmse-1.4837, valid_pr-0.6504
2022-11-14 13:53:08 - INFO - epoch-59, train_loss-1.4255, train_rmse-1.1940, valid_rmse-1.3985, valid_pr-0.6679
2022-11-14 13:53:24 - INFO - epoch-60, train_loss-1.4215, train_rmse-1.1923, valid_rmse-1.3942, valid_pr-0.6697
2022-11-14 13:53:41 - INFO - epoch-61, train_loss-1.4209, train_rmse-1.1920, valid_rmse-1.3955, valid_pr-0.6693
2022-11-14 13:53:57 - INFO - epoch-62, train_loss-1.3731, train_rmse-1.1718, valid_rmse-1.3839, valid_pr-0.6746
2022-11-14 13:54:13 - INFO - epoch-63, train_loss-1.3655, train_rmse-1.1685, valid_rmse-1.3956, valid_pr-0.6719
2022-11-14 13:54:29 - INFO - epoch-64, train_loss-1.3552, train_rmse-1.1641, valid_rmse-1.3912, valid_pr-0.6721
2022-11-14 13:54:45 - INFO - epoch-65, train_loss-1.3397, train_rmse-1.1574, valid_rmse-1.3917, valid_pr-0.6728
2022-11-14 13:55:00 - INFO - epoch-66, train_loss-1.3419, train_rmse-1.1584, valid_rmse-1.4083, valid_pr-0.6718
2022-11-14 13:55:17 - INFO - epoch-67, train_loss-1.3475, train_rmse-1.1608, valid_rmse-1.3936, valid_pr-0.6748
2022-11-14 13:55:33 - INFO - epoch-68, train_loss-1.3451, train_rmse-1.1598, valid_rmse-1.4362, valid_pr-0.6747
2022-11-14 13:55:49 - INFO - epoch-69, train_loss-1.3318, train_rmse-1.1540, valid_rmse-1.3752, valid_pr-0.6811
2022-11-14 13:56:05 - INFO - epoch-70, train_loss-1.3300, train_rmse-1.1533, valid_rmse-1.4630, valid_pr-0.6632
2022-11-14 13:56:21 - INFO - epoch-71, train_loss-1.2870, train_rmse-1.1345, valid_rmse-1.3701, valid_pr-0.6879
2022-11-14 13:56:36 - INFO - epoch-72, train_loss-1.3103, train_rmse-1.1447, valid_rmse-1.3933, valid_pr-0.6742
2022-11-14 13:56:54 - INFO - epoch-73, train_loss-1.3065, train_rmse-1.1430, valid_rmse-1.4188, valid_pr-0.6759
2022-11-14 13:57:10 - INFO - epoch-74, train_loss-1.3051, train_rmse-1.1424, valid_rmse-1.3903, valid_pr-0.6837
2022-11-14 13:57:27 - INFO - epoch-75, train_loss-1.2587, train_rmse-1.1219, valid_rmse-1.3603, valid_pr-0.6879
2022-11-14 13:57:43 - INFO - epoch-76, train_loss-1.2580, train_rmse-1.1216, valid_rmse-1.3586, valid_pr-0.6860
2022-11-14 13:57:59 - INFO - epoch-77, train_loss-1.2694, train_rmse-1.1267, valid_rmse-1.3884, valid_pr-0.6824
2022-11-14 13:58:15 - INFO - epoch-78, train_loss-1.2486, train_rmse-1.1174, valid_rmse-1.3591, valid_pr-0.6924
2022-11-14 13:58:31 - INFO - epoch-79, train_loss-1.2423, train_rmse-1.1146, valid_rmse-1.3637, valid_pr-0.6858
2022-11-14 13:58:47 - INFO - epoch-80, train_loss-1.2253, train_rmse-1.1069, valid_rmse-1.4150, valid_pr-0.6821
2022-11-14 13:59:03 - INFO - epoch-81, train_loss-1.1950, train_rmse-1.0932, valid_rmse-1.3764, valid_pr-0.6948
2022-11-14 13:59:18 - INFO - epoch-82, train_loss-1.1920, train_rmse-1.0918, valid_rmse-1.3460, valid_pr-0.6989
2022-11-14 13:59:34 - INFO - epoch-83, train_loss-1.1945, train_rmse-1.0929, valid_rmse-1.4007, valid_pr-0.6908
2022-11-14 13:59:50 - INFO - epoch-84, train_loss-1.1910, train_rmse-1.0913, valid_rmse-1.3459, valid_pr-0.6946
2022-11-14 14:00:06 - INFO - epoch-85, train_loss-1.1927, train_rmse-1.0921, valid_rmse-1.3680, valid_pr-0.6935
2022-11-14 14:00:22 - INFO - epoch-86, train_loss-1.2003, train_rmse-1.0956, valid_rmse-1.3613, valid_pr-0.6863
2022-11-14 14:00:38 - INFO - epoch-87, train_loss-1.1632, train_rmse-1.0785, valid_rmse-1.4457, valid_pr-0.6934
2022-11-14 14:00:54 - INFO - epoch-88, train_loss-1.1655, train_rmse-1.0796, valid_rmse-1.3850, valid_pr-0.6928
2022-11-14 14:01:09 - INFO - epoch-89, train_loss-1.1557, train_rmse-1.0751, valid_rmse-1.3635, valid_pr-0.6914
2022-11-14 14:01:26 - INFO - epoch-90, train_loss-1.1404, train_rmse-1.0679, valid_rmse-1.3538, valid_pr-0.6940
2022-11-14 14:01:41 - INFO - epoch-91, train_loss-1.1447, train_rmse-1.0699, valid_rmse-1.3439, valid_pr-0.7033
2022-11-14 14:01:57 - INFO - epoch-92, train_loss-1.1325, train_rmse-1.0642, valid_rmse-1.3858, valid_pr-0.6905
2022-11-14 14:02:13 - INFO - epoch-93, train_loss-1.1306, train_rmse-1.0633, valid_rmse-1.4005, valid_pr-0.6966
2022-11-14 14:02:30 - INFO - epoch-94, train_loss-1.1156, train_rmse-1.0562, valid_rmse-1.3378, valid_pr-0.7051
2022-11-14 14:02:47 - INFO - epoch-95, train_loss-1.0906, train_rmse-1.0443, valid_rmse-1.3624, valid_pr-0.7056
2022-11-14 14:03:03 - INFO - epoch-96, train_loss-1.0951, train_rmse-1.0465, valid_rmse-1.3188, valid_pr-0.7096
2022-11-14 14:03:19 - INFO - epoch-97, train_loss-1.0854, train_rmse-1.0418, valid_rmse-1.3564, valid_pr-0.6957
2022-11-14 14:03:35 - INFO - epoch-98, train_loss-1.0655, train_rmse-1.0322, valid_rmse-1.3455, valid_pr-0.7007
2022-11-14 14:03:51 - INFO - epoch-99, train_loss-1.0887, train_rmse-1.0434, valid_rmse-1.3774, valid_pr-0.7026
2022-11-14 14:04:07 - INFO - epoch-100, train_loss-1.0556, train_rmse-1.0274, valid_rmse-1.3538, valid_pr-0.6977
2022-11-14 14:04:23 - INFO - epoch-101, train_loss-1.0355, train_rmse-1.0176, valid_rmse-1.3297, valid_pr-0.7089
2022-11-14 14:04:39 - INFO - epoch-102, train_loss-1.0398, train_rmse-1.0197, valid_rmse-1.3208, valid_pr-0.7070
2022-11-14 14:04:54 - INFO - epoch-103, train_loss-1.0740, train_rmse-1.0363, valid_rmse-1.3220, valid_pr-0.7086
2022-11-14 14:05:10 - INFO - epoch-104, train_loss-1.0217, train_rmse-1.0108, valid_rmse-1.3309, valid_pr-0.7087
2022-11-14 14:05:26 - INFO - epoch-105, train_loss-1.0038, train_rmse-1.0019, valid_rmse-1.3316, valid_pr-0.7119
2022-11-14 14:05:42 - INFO - epoch-106, train_loss-1.0123, train_rmse-1.0061, valid_rmse-1.3272, valid_pr-0.7105
2022-11-14 14:05:59 - INFO - epoch-107, train_loss-1.0112, train_rmse-1.0056, valid_rmse-1.3076, valid_pr-0.7178
2022-11-14 14:06:15 - INFO - epoch-108, train_loss-0.9954, train_rmse-0.9977, valid_rmse-1.3219, valid_pr-0.7139
2022-11-14 14:06:31 - INFO - epoch-109, train_loss-0.9929, train_rmse-0.9964, valid_rmse-1.3801, valid_pr-0.7040
2022-11-14 14:06:47 - INFO - epoch-110, train_loss-0.9950, train_rmse-0.9975, valid_rmse-1.3852, valid_pr-0.7122
2022-11-14 14:07:03 - INFO - epoch-111, train_loss-0.9695, train_rmse-0.9847, valid_rmse-1.3737, valid_pr-0.7026
2022-11-14 14:07:19 - INFO - epoch-112, train_loss-0.9800, train_rmse-0.9900, valid_rmse-1.3907, valid_pr-0.7046
2022-11-14 14:07:35 - INFO - epoch-113, train_loss-0.9611, train_rmse-0.9804, valid_rmse-1.3603, valid_pr-0.7090
2022-11-14 14:07:52 - INFO - epoch-114, train_loss-0.9601, train_rmse-0.9798, valid_rmse-1.3212, valid_pr-0.7116
2022-11-14 14:08:08 - INFO - epoch-115, train_loss-0.9463, train_rmse-0.9728, valid_rmse-1.3290, valid_pr-0.7127
2022-11-14 14:08:24 - INFO - epoch-116, train_loss-0.9315, train_rmse-0.9651, valid_rmse-1.3171, valid_pr-0.7148
2022-11-14 14:08:40 - INFO - epoch-117, train_loss-0.9262, train_rmse-0.9624, valid_rmse-1.3670, valid_pr-0.7182
2022-11-14 14:08:55 - INFO - epoch-118, train_loss-0.9136, train_rmse-0.9559, valid_rmse-1.3174, valid_pr-0.7134
2022-11-14 14:09:11 - INFO - epoch-119, train_loss-0.9247, train_rmse-0.9616, valid_rmse-1.3143, valid_pr-0.7245
2022-11-14 14:09:27 - INFO - epoch-120, train_loss-0.8883, train_rmse-0.9425, valid_rmse-1.3195, valid_pr-0.7169
2022-11-14 14:09:42 - INFO - epoch-121, train_loss-0.8988, train_rmse-0.9480, valid_rmse-1.3199, valid_pr-0.7198
2022-11-14 14:09:58 - INFO - epoch-122, train_loss-0.8930, train_rmse-0.9450, valid_rmse-1.3088, valid_pr-0.7260
2022-11-14 14:10:14 - INFO - epoch-123, train_loss-0.8804, train_rmse-0.9383, valid_rmse-1.2935, valid_pr-0.7252
2022-11-14 14:10:30 - INFO - epoch-124, train_loss-0.8760, train_rmse-0.9359, valid_rmse-1.4121, valid_pr-0.7151
2022-11-14 14:10:46 - INFO - epoch-125, train_loss-0.8665, train_rmse-0.9309, valid_rmse-1.3439, valid_pr-0.7160
2022-11-14 14:11:02 - INFO - epoch-126, train_loss-0.8526, train_rmse-0.9233, valid_rmse-1.3255, valid_pr-0.7161
2022-11-14 14:11:18 - INFO - epoch-127, train_loss-0.8533, train_rmse-0.9238, valid_rmse-1.3637, valid_pr-0.7149
2022-11-14 14:11:34 - INFO - epoch-128, train_loss-0.8477, train_rmse-0.9207, valid_rmse-1.2894, valid_pr-0.7349
2022-11-14 14:11:51 - INFO - epoch-129, train_loss-0.8395, train_rmse-0.9162, valid_rmse-1.3112, valid_pr-0.7231
2022-11-14 14:12:06 - INFO - epoch-130, train_loss-0.8384, train_rmse-0.9157, valid_rmse-1.3369, valid_pr-0.7221
2022-11-14 14:12:23 - INFO - epoch-131, train_loss-0.8099, train_rmse-0.9000, valid_rmse-1.3313, valid_pr-0.7165
2022-11-14 14:12:39 - INFO - epoch-132, train_loss-0.8139, train_rmse-0.9022, valid_rmse-1.3054, valid_pr-0.7275
2022-11-14 14:12:56 - INFO - epoch-133, train_loss-0.8202, train_rmse-0.9056, valid_rmse-1.2956, valid_pr-0.7286
2022-11-14 14:13:12 - INFO - epoch-134, train_loss-0.8168, train_rmse-0.9038, valid_rmse-1.3027, valid_pr-0.7268
2022-11-14 14:13:28 - INFO - epoch-135, train_loss-0.7869, train_rmse-0.8870, valid_rmse-1.2952, valid_pr-0.7261
2022-11-14 14:13:45 - INFO - epoch-136, train_loss-0.7920, train_rmse-0.8899, valid_rmse-1.2964, valid_pr-0.7222
2022-11-14 14:14:01 - INFO - epoch-137, train_loss-0.7839, train_rmse-0.8854, valid_rmse-1.3320, valid_pr-0.7304
2022-11-14 14:14:17 - INFO - epoch-138, train_loss-0.7767, train_rmse-0.8813, valid_rmse-1.2870, valid_pr-0.7275
2022-11-14 14:14:34 - INFO - epoch-139, train_loss-0.7669, train_rmse-0.8757, valid_rmse-1.2678, valid_pr-0.7363
2022-11-14 14:14:50 - INFO - epoch-140, train_loss-0.7626, train_rmse-0.8732, valid_rmse-1.2853, valid_pr-0.7294
2022-11-14 14:15:06 - INFO - epoch-141, train_loss-0.7602, train_rmse-0.8719, valid_rmse-1.2963, valid_pr-0.7350
2022-11-14 14:15:23 - INFO - epoch-142, train_loss-0.7467, train_rmse-0.8641, valid_rmse-1.2679, valid_pr-0.7424
2022-11-14 14:15:39 - INFO - epoch-143, train_loss-0.7481, train_rmse-0.8649, valid_rmse-1.2912, valid_pr-0.7316
2022-11-14 14:15:55 - INFO - epoch-144, train_loss-0.7249, train_rmse-0.8514, valid_rmse-1.2855, valid_pr-0.7312
2022-11-14 14:16:11 - INFO - epoch-145, train_loss-0.7297, train_rmse-0.8542, valid_rmse-1.3074, valid_pr-0.7370
2022-11-14 14:16:28 - INFO - epoch-146, train_loss-0.7087, train_rmse-0.8418, valid_rmse-1.2609, valid_pr-0.7430
2022-11-14 14:16:44 - INFO - epoch-147, train_loss-0.7371, train_rmse-0.8586, valid_rmse-1.2673, valid_pr-0.7417
2022-11-14 14:17:00 - INFO - epoch-148, train_loss-0.7146, train_rmse-0.8454, valid_rmse-1.2650, valid_pr-0.7404
2022-11-14 14:17:17 - INFO - epoch-149, train_loss-0.7036, train_rmse-0.8388, valid_rmse-1.2973, valid_pr-0.7223
2022-11-14 14:17:33 - INFO - epoch-150, train_loss-0.7008, train_rmse-0.8372, valid_rmse-1.3004, valid_pr-0.7309
2022-11-14 14:17:50 - INFO - epoch-151, train_loss-0.7028, train_rmse-0.8383, valid_rmse-1.2725, valid_pr-0.7349
2022-11-14 14:18:05 - INFO - epoch-152, train_loss-0.6747, train_rmse-0.8214, valid_rmse-1.2882, valid_pr-0.7346
2022-11-14 14:18:22 - INFO - epoch-153, train_loss-0.6860, train_rmse-0.8283, valid_rmse-1.2961, valid_pr-0.7293
2022-11-14 14:18:38 - INFO - epoch-154, train_loss-0.6781, train_rmse-0.8235, valid_rmse-1.2952, valid_pr-0.7380
2022-11-14 14:18:54 - INFO - epoch-155, train_loss-0.6662, train_rmse-0.8162, valid_rmse-1.2553, valid_pr-0.7452
2022-11-14 14:19:11 - INFO - epoch-156, train_loss-0.6628, train_rmse-0.8141, valid_rmse-1.2758, valid_pr-0.7354
2022-11-14 14:19:27 - INFO - epoch-157, train_loss-0.6682, train_rmse-0.8175, valid_rmse-1.2764, valid_pr-0.7353
2022-11-14 14:19:43 - INFO - epoch-158, train_loss-0.6663, train_rmse-0.8163, valid_rmse-1.2783, valid_pr-0.7370
2022-11-14 14:19:59 - INFO - epoch-159, train_loss-0.6524, train_rmse-0.8077, valid_rmse-1.2773, valid_pr-0.7425
2022-11-14 14:20:15 - INFO - epoch-160, train_loss-0.6611, train_rmse-0.8131, valid_rmse-1.2968, valid_pr-0.7382
2022-11-14 14:20:31 - INFO - epoch-161, train_loss-0.6418, train_rmse-0.8011, valid_rmse-1.2882, valid_pr-0.7362
2022-11-14 14:20:47 - INFO - epoch-162, train_loss-0.6371, train_rmse-0.7982, valid_rmse-1.2627, valid_pr-0.7411
2022-11-14 14:21:03 - INFO - epoch-163, train_loss-0.6324, train_rmse-0.7952, valid_rmse-1.2718, valid_pr-0.7489
2022-11-14 14:21:18 - INFO - epoch-164, train_loss-0.6231, train_rmse-0.7894, valid_rmse-1.2898, valid_pr-0.7313
2022-11-14 14:21:34 - INFO - epoch-165, train_loss-0.6221, train_rmse-0.7887, valid_rmse-1.2821, valid_pr-0.7347
2022-11-14 14:21:51 - INFO - epoch-166, train_loss-0.6345, train_rmse-0.7966, valid_rmse-1.3245, valid_pr-0.7426
2022-11-14 14:22:07 - INFO - epoch-167, train_loss-0.6251, train_rmse-0.7906, valid_rmse-1.2837, valid_pr-0.7463
2022-11-14 14:22:23 - INFO - epoch-168, train_loss-0.6247, train_rmse-0.7904, valid_rmse-1.2562, valid_pr-0.7424
2022-11-14 14:22:40 - INFO - epoch-169, train_loss-0.5952, train_rmse-0.7715, valid_rmse-1.2757, valid_pr-0.7386
2022-11-14 14:22:55 - INFO - epoch-170, train_loss-0.5983, train_rmse-0.7735, valid_rmse-1.2639, valid_pr-0.7437
2022-11-14 14:23:11 - INFO - epoch-171, train_loss-0.5933, train_rmse-0.7703, valid_rmse-1.3177, valid_pr-0.7418
2022-11-14 14:23:27 - INFO - epoch-172, train_loss-0.5944, train_rmse-0.7710, valid_rmse-1.2672, valid_pr-0.7405
2022-11-14 14:23:43 - INFO - epoch-173, train_loss-0.5872, train_rmse-0.7663, valid_rmse-1.3077, valid_pr-0.7377
2022-11-14 14:24:00 - INFO - epoch-174, train_loss-0.5672, train_rmse-0.7531, valid_rmse-1.2643, valid_pr-0.7491
2022-11-14 14:24:15 - INFO - epoch-175, train_loss-0.5960, train_rmse-0.7720, valid_rmse-1.2518, valid_pr-0.7448
2022-11-14 14:24:32 - INFO - epoch-176, train_loss-0.5859, train_rmse-0.7655, valid_rmse-1.3062, valid_pr-0.7402
2022-11-14 14:24:48 - INFO - epoch-177, train_loss-0.5681, train_rmse-0.7537, valid_rmse-1.3108, valid_pr-0.7423
2022-11-14 14:25:04 - INFO - epoch-178, train_loss-0.5799, train_rmse-0.7615, valid_rmse-1.2513, valid_pr-0.7460
2022-11-14 14:25:21 - INFO - epoch-179, train_loss-0.5911, train_rmse-0.7688, valid_rmse-1.3200, valid_pr-0.7393
2022-11-14 14:25:37 - INFO - epoch-180, train_loss-0.5568, train_rmse-0.7462, valid_rmse-1.2684, valid_pr-0.7406
2022-11-14 14:25:54 - INFO - epoch-181, train_loss-0.5603, train_rmse-0.7486, valid_rmse-1.2591, valid_pr-0.7477
2022-11-14 14:26:10 - INFO - epoch-182, train_loss-0.5520, train_rmse-0.7430, valid_rmse-1.2455, valid_pr-0.7521
2022-11-14 14:26:26 - INFO - epoch-183, train_loss-0.5539, train_rmse-0.7442, valid_rmse-1.2483, valid_pr-0.7496
2022-11-14 14:26:42 - INFO - epoch-184, train_loss-0.5547, train_rmse-0.7448, valid_rmse-1.2443, valid_pr-0.7490
2022-11-14 14:26:59 - INFO - epoch-185, train_loss-0.5412, train_rmse-0.7357, valid_rmse-1.3144, valid_pr-0.7417
2022-11-14 14:27:15 - INFO - epoch-186, train_loss-0.5185, train_rmse-0.7201, valid_rmse-1.3244, valid_pr-0.7494
2022-11-14 14:27:31 - INFO - epoch-187, train_loss-0.5345, train_rmse-0.7311, valid_rmse-1.2593, valid_pr-0.7460
2022-11-14 14:27:48 - INFO - epoch-188, train_loss-0.5185, train_rmse-0.7201, valid_rmse-1.2789, valid_pr-0.7399
2022-11-14 14:28:04 - INFO - epoch-189, train_loss-0.5205, train_rmse-0.7214, valid_rmse-1.3078, valid_pr-0.7364
2022-11-14 14:28:20 - INFO - epoch-190, train_loss-0.5303, train_rmse-0.7282, valid_rmse-1.2781, valid_pr-0.7436
2022-11-14 14:28:36 - INFO - epoch-191, train_loss-0.5200, train_rmse-0.7211, valid_rmse-1.2757, valid_pr-0.7408
2022-11-14 14:28:52 - INFO - epoch-192, train_loss-0.5155, train_rmse-0.7180, valid_rmse-1.3084, valid_pr-0.7420
2022-11-14 14:29:08 - INFO - epoch-193, train_loss-0.5047, train_rmse-0.7104, valid_rmse-1.2558, valid_pr-0.7484
2022-11-14 14:29:24 - INFO - epoch-194, train_loss-0.5183, train_rmse-0.7199, valid_rmse-1.2868, valid_pr-0.7420
2022-11-14 14:29:39 - INFO - epoch-195, train_loss-0.5001, train_rmse-0.7072, valid_rmse-1.2580, valid_pr-0.7501
2022-11-14 14:29:56 - INFO - epoch-196, train_loss-0.5138, train_rmse-0.7168, valid_rmse-1.3315, valid_pr-0.7467
2022-11-14 14:30:12 - INFO - epoch-197, train_loss-0.4939, train_rmse-0.7028, valid_rmse-1.2774, valid_pr-0.7470
2022-11-14 14:30:29 - INFO - epoch-198, train_loss-0.4923, train_rmse-0.7016, valid_rmse-1.2665, valid_pr-0.7438
2022-11-14 14:30:45 - INFO - epoch-199, train_loss-0.4999, train_rmse-0.7070, valid_rmse-1.2833, valid_pr-0.7533
2022-11-14 14:31:01 - INFO - epoch-200, train_loss-0.4969, train_rmse-0.7049, valid_rmse-1.2718, valid_pr-0.7513
2022-11-14 14:31:17 - INFO - epoch-201, train_loss-0.4813, train_rmse-0.6938, valid_rmse-1.2723, valid_pr-0.7496
2022-11-14 14:31:33 - INFO - epoch-202, train_loss-0.4829, train_rmse-0.6949, valid_rmse-1.2534, valid_pr-0.7507
2022-11-14 14:31:49 - INFO - epoch-203, train_loss-0.4821, train_rmse-0.6943, valid_rmse-1.2762, valid_pr-0.7498
2022-11-14 14:32:05 - INFO - epoch-204, train_loss-0.4848, train_rmse-0.6963, valid_rmse-1.3123, valid_pr-0.7455
2022-11-14 14:32:22 - INFO - epoch-205, train_loss-0.4842, train_rmse-0.6958, valid_rmse-1.2807, valid_pr-0.7488
2022-11-14 14:32:38 - INFO - epoch-206, train_loss-0.4744, train_rmse-0.6887, valid_rmse-1.2519, valid_pr-0.7454
2022-11-14 14:32:55 - INFO - epoch-207, train_loss-0.4618, train_rmse-0.6796, valid_rmse-1.2489, valid_pr-0.7502
2022-11-14 14:33:11 - INFO - epoch-208, train_loss-0.4563, train_rmse-0.6755, valid_rmse-1.2815, valid_pr-0.7494
2022-11-14 14:33:28 - INFO - epoch-209, train_loss-0.4636, train_rmse-0.6809, valid_rmse-1.3058, valid_pr-0.7378
2022-11-14 14:33:44 - INFO - epoch-210, train_loss-0.4538, train_rmse-0.6736, valid_rmse-1.2517, valid_pr-0.7490
2022-11-14 14:34:00 - INFO - epoch-211, train_loss-0.4503, train_rmse-0.6710, valid_rmse-1.2688, valid_pr-0.7449
2022-11-14 14:34:16 - INFO - epoch-212, train_loss-0.4534, train_rmse-0.6734, valid_rmse-1.2528, valid_pr-0.7499
2022-11-14 14:34:33 - INFO - epoch-213, train_loss-0.4484, train_rmse-0.6696, valid_rmse-1.2744, valid_pr-0.7445
2022-11-14 14:34:49 - INFO - epoch-214, train_loss-0.4464, train_rmse-0.6682, valid_rmse-1.2881, valid_pr-0.7406
2022-11-14 14:35:05 - INFO - epoch-215, train_loss-0.4424, train_rmse-0.6651, valid_rmse-1.2856, valid_pr-0.7447
2022-11-14 14:35:21 - INFO - epoch-216, train_loss-0.4352, train_rmse-0.6597, valid_rmse-1.2486, valid_pr-0.7555
2022-11-14 14:35:37 - INFO - epoch-217, train_loss-0.4494, train_rmse-0.6704, valid_rmse-1.2401, valid_pr-0.7517
2022-11-14 14:35:54 - INFO - epoch-218, train_loss-0.4310, train_rmse-0.6565, valid_rmse-1.2848, valid_pr-0.7469
2022-11-14 14:36:10 - INFO - epoch-219, train_loss-0.4263, train_rmse-0.6529, valid_rmse-1.2601, valid_pr-0.7465
2022-11-14 14:36:27 - INFO - epoch-220, train_loss-0.4293, train_rmse-0.6552, valid_rmse-1.2310, valid_pr-0.7560
2022-11-14 14:36:44 - INFO - epoch-221, train_loss-0.4396, train_rmse-0.6631, valid_rmse-1.2544, valid_pr-0.7479
2022-11-14 14:37:00 - INFO - epoch-222, train_loss-0.4306, train_rmse-0.6562, valid_rmse-1.2508, valid_pr-0.7509
2022-11-14 14:37:17 - INFO - epoch-223, train_loss-0.4181, train_rmse-0.6466, valid_rmse-1.2707, valid_pr-0.7507
2022-11-14 14:37:34 - INFO - epoch-224, train_loss-0.4152, train_rmse-0.6443, valid_rmse-1.2604, valid_pr-0.7494
2022-11-14 14:37:50 - INFO - epoch-225, train_loss-0.4253, train_rmse-0.6522, valid_rmse-1.2739, valid_pr-0.7494
2022-11-14 14:38:06 - INFO - epoch-226, train_loss-0.4141, train_rmse-0.6435, valid_rmse-1.2535, valid_pr-0.7496
2022-11-14 14:38:23 - INFO - epoch-227, train_loss-0.4172, train_rmse-0.6459, valid_rmse-1.2464, valid_pr-0.7538
2022-11-14 14:38:38 - INFO - epoch-228, train_loss-0.4131, train_rmse-0.6427, valid_rmse-1.2649, valid_pr-0.7490
2022-11-14 14:38:54 - INFO - epoch-229, train_loss-0.3952, train_rmse-0.6286, valid_rmse-1.2606, valid_pr-0.7517
2022-11-14 14:39:11 - INFO - epoch-230, train_loss-0.4012, train_rmse-0.6334, valid_rmse-1.2502, valid_pr-0.7531
2022-11-14 14:39:27 - INFO - epoch-231, train_loss-0.3994, train_rmse-0.6320, valid_rmse-1.2472, valid_pr-0.7539
2022-11-14 14:39:43 - INFO - epoch-232, train_loss-0.4072, train_rmse-0.6381, valid_rmse-1.2449, valid_pr-0.7571
2022-11-14 14:39:59 - INFO - epoch-233, train_loss-0.3918, train_rmse-0.6260, valid_rmse-1.2497, valid_pr-0.7483
2022-11-14 14:40:16 - INFO - epoch-234, train_loss-0.3976, train_rmse-0.6306, valid_rmse-1.2448, valid_pr-0.7487
2022-11-14 14:40:32 - INFO - epoch-235, train_loss-0.3909, train_rmse-0.6252, valid_rmse-1.2376, valid_pr-0.7549
2022-11-14 14:40:48 - INFO - epoch-236, train_loss-0.3961, train_rmse-0.6293, valid_rmse-1.2566, valid_pr-0.7475
2022-11-14 14:41:05 - INFO - epoch-237, train_loss-0.3878, train_rmse-0.6228, valid_rmse-1.2511, valid_pr-0.7494
2022-11-14 14:41:21 - INFO - epoch-238, train_loss-0.3861, train_rmse-0.6214, valid_rmse-1.2979, valid_pr-0.7553
2022-11-14 14:41:38 - INFO - epoch-239, train_loss-0.3862, train_rmse-0.6214, valid_rmse-1.2451, valid_pr-0.7538
2022-11-14 14:41:54 - INFO - epoch-240, train_loss-0.3860, train_rmse-0.6213, valid_rmse-1.2375, valid_pr-0.7566
2022-11-14 14:42:10 - INFO - epoch-241, train_loss-0.3793, train_rmse-0.6159, valid_rmse-1.2703, valid_pr-0.7508
2022-11-14 14:42:26 - INFO - epoch-242, train_loss-0.3748, train_rmse-0.6122, valid_rmse-1.3004, valid_pr-0.7480
2022-11-14 14:42:42 - INFO - epoch-243, train_loss-0.3905, train_rmse-0.6249, valid_rmse-1.2675, valid_pr-0.7489
2022-11-14 14:42:59 - INFO - epoch-244, train_loss-0.3950, train_rmse-0.6285, valid_rmse-1.3105, valid_pr-0.7484
2022-11-14 14:43:15 - INFO - epoch-245, train_loss-0.3679, train_rmse-0.6066, valid_rmse-1.2475, valid_pr-0.7560
2022-11-14 14:43:32 - INFO - epoch-246, train_loss-0.3621, train_rmse-0.6018, valid_rmse-1.2593, valid_pr-0.7489
2022-11-14 14:43:48 - INFO - epoch-247, train_loss-0.3655, train_rmse-0.6046, valid_rmse-1.2510, valid_pr-0.7572
2022-11-14 14:44:04 - INFO - epoch-248, train_loss-0.3635, train_rmse-0.6029, valid_rmse-1.2442, valid_pr-0.7514
2022-11-14 14:44:21 - INFO - epoch-249, train_loss-0.3634, train_rmse-0.6028, valid_rmse-1.2340, valid_pr-0.7555
2022-11-14 14:44:36 - INFO - epoch-250, train_loss-0.3613, train_rmse-0.6011, valid_rmse-1.2517, valid_pr-0.7605
2022-11-14 14:44:53 - INFO - epoch-251, train_loss-0.3481, train_rmse-0.5900, valid_rmse-1.2839, valid_pr-0.7468
2022-11-14 14:45:09 - INFO - epoch-252, train_loss-0.3570, train_rmse-0.5975, valid_rmse-1.2612, valid_pr-0.7550
2022-11-14 14:45:25 - INFO - epoch-253, train_loss-0.3511, train_rmse-0.5926, valid_rmse-1.2639, valid_pr-0.7568
2022-11-14 14:45:42 - INFO - epoch-254, train_loss-0.3589, train_rmse-0.5991, valid_rmse-1.2617, valid_pr-0.7482
2022-11-14 14:45:58 - INFO - epoch-255, train_loss-0.3451, train_rmse-0.5874, valid_rmse-1.2618, valid_pr-0.7548
2022-11-14 14:46:14 - INFO - epoch-256, train_loss-0.3467, train_rmse-0.5888, valid_rmse-1.2645, valid_pr-0.7556
2022-11-14 14:46:31 - INFO - epoch-257, train_loss-0.3504, train_rmse-0.5920, valid_rmse-1.2675, valid_pr-0.7557
2022-11-14 14:46:47 - INFO - epoch-258, train_loss-0.3488, train_rmse-0.5906, valid_rmse-1.2736, valid_pr-0.7572
2022-11-14 14:47:04 - INFO - epoch-259, train_loss-0.3411, train_rmse-0.5841, valid_rmse-1.2403, valid_pr-0.7590
2022-11-14 14:47:20 - INFO - epoch-260, train_loss-0.3495, train_rmse-0.5912, valid_rmse-1.2637, valid_pr-0.7477
2022-11-14 14:47:36 - INFO - epoch-261, train_loss-0.3458, train_rmse-0.5881, valid_rmse-1.2712, valid_pr-0.7564
2022-11-14 14:47:52 - INFO - epoch-262, train_loss-0.3295, train_rmse-0.5740, valid_rmse-1.2475, valid_pr-0.7559
2022-11-14 14:48:08 - INFO - epoch-263, train_loss-0.3391, train_rmse-0.5823, valid_rmse-1.2817, valid_pr-0.7523
2022-11-14 14:48:24 - INFO - epoch-264, train_loss-0.3358, train_rmse-0.5795, valid_rmse-1.2645, valid_pr-0.7526
2022-11-14 14:48:40 - INFO - epoch-265, train_loss-0.3345, train_rmse-0.5783, valid_rmse-1.2550, valid_pr-0.7559
2022-11-14 14:48:56 - INFO - epoch-266, train_loss-0.3363, train_rmse-0.5800, valid_rmse-1.2423, valid_pr-0.7524
2022-11-14 14:49:12 - INFO - epoch-267, train_loss-0.3311, train_rmse-0.5755, valid_rmse-1.2358, valid_pr-0.7554
2022-11-14 14:49:28 - INFO - epoch-268, train_loss-0.3334, train_rmse-0.5774, valid_rmse-1.2589, valid_pr-0.7521
2022-11-14 14:49:44 - INFO - epoch-269, train_loss-0.3333, train_rmse-0.5773, valid_rmse-1.2442, valid_pr-0.7497
2022-11-14 14:50:00 - INFO - epoch-270, train_loss-0.3257, train_rmse-0.5707, valid_rmse-1.2710, valid_pr-0.7467
2022-11-14 14:50:17 - INFO - epoch-271, train_loss-0.3206, train_rmse-0.5662, valid_rmse-1.2361, valid_pr-0.7586
2022-11-14 14:50:17 - INFO - early stop in epoch 271
2022-11-14 14:50:17 - INFO - best_rmse: 1.2310
2022-11-14 14:50:25 - INFO - valid_rmse-1.2310, valid_pr-0.7560, test2013_rmse-1.2527, test2013_pr-0.8467, test2016_rmse-1.1473, test2016_pr-0.8521, test2019_rmse-1.4647, test2019_pr-0.6410,
