2022-11-14 12:36:29 - INFO - train.py
2022-11-14 12:36:29 - INFO - train data: 11904
2022-11-14 12:36:29 - INFO - valid data: 1000
2022-11-14 12:36:29 - INFO - test2013 data: 107
2022-11-14 12:36:29 - INFO - test2016 data: 285
2022-11-14 12:36:29 - INFO - test2019 data: 4366
2022-11-14 12:36:59 - INFO - epoch-0, train_loss-77.8294, train_rmse-8.8221, valid_rmse-2.5123, valid_pr-0.3867
2022-11-14 12:37:19 - INFO - epoch-1, train_loss-15.9709, train_rmse-3.9964, valid_rmse-2.2568, valid_pr-0.4395
2022-11-14 12:37:38 - INFO - epoch-2, train_loss-9.2669, train_rmse-3.0442, valid_rmse-2.0293, valid_pr-0.4846
2022-11-14 12:37:57 - INFO - epoch-3, train_loss-6.4605, train_rmse-2.5417, valid_rmse-1.9697, valid_pr-0.5182
2022-11-14 12:38:16 - INFO - epoch-4, train_loss-5.3188, train_rmse-2.3063, valid_rmse-1.8315, valid_pr-0.5368
2022-11-14 12:38:34 - INFO - epoch-5, train_loss-4.4165, train_rmse-2.1016, valid_rmse-1.7170, valid_pr-0.5492
2022-11-14 12:38:52 - INFO - epoch-6, train_loss-3.8260, train_rmse-1.9560, valid_rmse-1.6995, valid_pr-0.5602
2022-11-14 12:39:09 - INFO - epoch-7, train_loss-3.5133, train_rmse-1.8744, valid_rmse-1.7851, valid_pr-0.5679
2022-11-14 12:39:27 - INFO - epoch-8, train_loss-3.1897, train_rmse-1.7860, valid_rmse-1.7966, valid_pr-0.5782
2022-11-14 12:39:45 - INFO - epoch-9, train_loss-3.0216, train_rmse-1.7383, valid_rmse-1.8680, valid_pr-0.5880
2022-11-14 12:40:02 - INFO - epoch-10, train_loss-2.9092, train_rmse-1.7056, valid_rmse-1.8090, valid_pr-0.5915
2022-11-14 12:40:19 - INFO - epoch-11, train_loss-2.7093, train_rmse-1.6460, valid_rmse-1.5512, valid_pr-0.6066
2022-11-14 12:40:37 - INFO - epoch-12, train_loss-2.6296, train_rmse-1.6216, valid_rmse-1.5334, valid_pr-0.6057
2022-11-14 12:40:55 - INFO - epoch-13, train_loss-2.5383, train_rmse-1.5932, valid_rmse-1.5310, valid_pr-0.6104
2022-11-14 12:41:14 - INFO - epoch-14, train_loss-2.4155, train_rmse-1.5542, valid_rmse-1.6748, valid_pr-0.6129
2022-11-14 12:41:31 - INFO - epoch-15, train_loss-2.3270, train_rmse-1.5255, valid_rmse-1.6400, valid_pr-0.6059
2022-11-14 12:41:48 - INFO - epoch-16, train_loss-2.3000, train_rmse-1.5166, valid_rmse-1.4962, valid_pr-0.6208
2022-11-14 12:42:06 - INFO - epoch-17, train_loss-2.2049, train_rmse-1.4849, valid_rmse-1.5442, valid_pr-0.6178
2022-11-14 12:42:23 - INFO - epoch-18, train_loss-2.2526, train_rmse-1.5009, valid_rmse-1.6554, valid_pr-0.6107
2022-11-14 12:42:41 - INFO - epoch-19, train_loss-2.1673, train_rmse-1.4722, valid_rmse-1.5661, valid_pr-0.6242
2022-11-14 12:42:59 - INFO - epoch-20, train_loss-2.0425, train_rmse-1.4291, valid_rmse-1.5092, valid_pr-0.6236
2022-11-14 12:43:16 - INFO - epoch-21, train_loss-2.1095, train_rmse-1.4524, valid_rmse-1.7045, valid_pr-0.6245
2022-11-14 12:43:33 - INFO - epoch-22, train_loss-2.0697, train_rmse-1.4386, valid_rmse-1.5623, valid_pr-0.6232
2022-11-14 12:43:50 - INFO - epoch-23, train_loss-1.9422, train_rmse-1.3936, valid_rmse-1.6795, valid_pr-0.6244
2022-11-14 12:44:08 - INFO - epoch-24, train_loss-1.9357, train_rmse-1.3913, valid_rmse-1.7148, valid_pr-0.6250
2022-11-14 12:44:26 - INFO - epoch-25, train_loss-1.9085, train_rmse-1.3815, valid_rmse-1.5144, valid_pr-0.6342
2022-11-14 12:44:43 - INFO - epoch-26, train_loss-1.8654, train_rmse-1.3658, valid_rmse-1.4669, valid_pr-0.6394
2022-11-14 12:45:02 - INFO - epoch-27, train_loss-1.8476, train_rmse-1.3593, valid_rmse-1.5415, valid_pr-0.6351
2022-11-14 12:45:19 - INFO - epoch-28, train_loss-1.8815, train_rmse-1.3717, valid_rmse-1.5122, valid_pr-0.6385
2022-11-14 12:45:38 - INFO - epoch-29, train_loss-1.8330, train_rmse-1.3539, valid_rmse-1.5421, valid_pr-0.6435
2022-11-14 12:45:55 - INFO - epoch-30, train_loss-1.8179, train_rmse-1.3483, valid_rmse-1.6847, valid_pr-0.6347
2022-11-14 12:46:12 - INFO - epoch-31, train_loss-1.7971, train_rmse-1.3406, valid_rmse-1.4915, valid_pr-0.6398
2022-11-14 12:46:29 - INFO - epoch-32, train_loss-1.8861, train_rmse-1.3733, valid_rmse-1.7303, valid_pr-0.6344
2022-11-14 12:46:46 - INFO - epoch-33, train_loss-1.7131, train_rmse-1.3088, valid_rmse-1.4566, valid_pr-0.6403
2022-11-14 12:47:04 - INFO - epoch-34, train_loss-1.7179, train_rmse-1.3107, valid_rmse-1.4235, valid_pr-0.6524
2022-11-14 12:47:22 - INFO - epoch-35, train_loss-1.7124, train_rmse-1.3086, valid_rmse-1.4213, valid_pr-0.6536
2022-11-14 12:47:40 - INFO - epoch-36, train_loss-1.6547, train_rmse-1.2864, valid_rmse-1.6513, valid_pr-0.6326
2022-11-14 12:47:57 - INFO - epoch-37, train_loss-1.6449, train_rmse-1.2825, valid_rmse-1.4329, valid_pr-0.6561
2022-11-14 12:48:16 - INFO - epoch-38, train_loss-1.6333, train_rmse-1.2780, valid_rmse-1.6648, valid_pr-0.6570
2022-11-14 12:48:33 - INFO - epoch-39, train_loss-1.6601, train_rmse-1.2884, valid_rmse-1.4461, valid_pr-0.6533
2022-11-14 12:48:50 - INFO - epoch-40, train_loss-1.6588, train_rmse-1.2879, valid_rmse-1.4575, valid_pr-0.6597
2022-11-14 12:49:07 - INFO - epoch-41, train_loss-1.5875, train_rmse-1.2599, valid_rmse-1.4401, valid_pr-0.6622
2022-11-14 12:49:25 - INFO - epoch-42, train_loss-1.5766, train_rmse-1.2556, valid_rmse-1.5828, valid_pr-0.6559
2022-11-14 12:49:43 - INFO - epoch-43, train_loss-1.6227, train_rmse-1.2739, valid_rmse-1.4366, valid_pr-0.6620
2022-11-14 12:50:00 - INFO - epoch-44, train_loss-1.5766, train_rmse-1.2556, valid_rmse-1.4327, valid_pr-0.6574
2022-11-14 12:50:18 - INFO - epoch-45, train_loss-1.5315, train_rmse-1.2376, valid_rmse-1.5117, valid_pr-0.6608
2022-11-14 12:50:36 - INFO - epoch-46, train_loss-1.5517, train_rmse-1.2457, valid_rmse-1.5145, valid_pr-0.6647
2022-11-14 12:50:53 - INFO - epoch-47, train_loss-1.4967, train_rmse-1.2234, valid_rmse-1.4038, valid_pr-0.6629
2022-11-14 12:51:11 - INFO - epoch-48, train_loss-1.5484, train_rmse-1.2443, valid_rmse-1.4151, valid_pr-0.6693
2022-11-14 12:51:29 - INFO - epoch-49, train_loss-1.4610, train_rmse-1.2087, valid_rmse-1.5120, valid_pr-0.6642
2022-11-14 12:51:47 - INFO - epoch-50, train_loss-1.4785, train_rmse-1.2159, valid_rmse-1.4625, valid_pr-0.6650
2022-11-14 12:52:03 - INFO - epoch-51, train_loss-1.4700, train_rmse-1.2124, valid_rmse-1.4649, valid_pr-0.6715
2022-11-14 12:52:21 - INFO - epoch-52, train_loss-1.4479, train_rmse-1.2033, valid_rmse-1.4785, valid_pr-0.6691
2022-11-14 12:52:39 - INFO - epoch-53, train_loss-1.4529, train_rmse-1.2053, valid_rmse-1.5026, valid_pr-0.6705
2022-11-14 12:52:57 - INFO - epoch-54, train_loss-1.4283, train_rmse-1.1951, valid_rmse-1.4271, valid_pr-0.6678
2022-11-14 12:53:14 - INFO - epoch-55, train_loss-1.4057, train_rmse-1.1856, valid_rmse-1.4279, valid_pr-0.6720
2022-11-14 12:53:32 - INFO - epoch-56, train_loss-1.4274, train_rmse-1.1947, valid_rmse-1.3972, valid_pr-0.6712
2022-11-14 12:53:50 - INFO - epoch-57, train_loss-1.4324, train_rmse-1.1968, valid_rmse-1.4605, valid_pr-0.6701
2022-11-14 12:54:06 - INFO - epoch-58, train_loss-1.3904, train_rmse-1.1791, valid_rmse-1.4245, valid_pr-0.6747
2022-11-14 12:54:24 - INFO - epoch-59, train_loss-1.3839, train_rmse-1.1764, valid_rmse-1.3809, valid_pr-0.6767
2022-11-14 12:54:42 - INFO - epoch-60, train_loss-1.3750, train_rmse-1.1726, valid_rmse-1.3929, valid_pr-0.6818
2022-11-14 12:54:59 - INFO - epoch-61, train_loss-1.3508, train_rmse-1.1622, valid_rmse-1.4620, valid_pr-0.6796
2022-11-14 12:55:16 - INFO - epoch-62, train_loss-1.3570, train_rmse-1.1649, valid_rmse-1.5614, valid_pr-0.6772
2022-11-14 12:55:34 - INFO - epoch-63, train_loss-1.3727, train_rmse-1.1716, valid_rmse-1.3880, valid_pr-0.6811
2022-11-14 12:55:51 - INFO - epoch-64, train_loss-1.3549, train_rmse-1.1640, valid_rmse-1.3657, valid_pr-0.6821
2022-11-14 12:56:10 - INFO - epoch-65, train_loss-1.3337, train_rmse-1.1548, valid_rmse-1.3901, valid_pr-0.6951
2022-11-14 12:56:27 - INFO - epoch-66, train_loss-1.3357, train_rmse-1.1557, valid_rmse-1.3900, valid_pr-0.6850
2022-11-14 12:56:43 - INFO - epoch-67, train_loss-1.2995, train_rmse-1.1399, valid_rmse-1.4369, valid_pr-0.6880
2022-11-14 12:57:00 - INFO - epoch-68, train_loss-1.3192, train_rmse-1.1486, valid_rmse-1.3841, valid_pr-0.6920
2022-11-14 12:57:17 - INFO - epoch-69, train_loss-1.2778, train_rmse-1.1304, valid_rmse-1.3884, valid_pr-0.6894
2022-11-14 12:57:35 - INFO - epoch-70, train_loss-1.2977, train_rmse-1.1392, valid_rmse-1.3493, valid_pr-0.6945
2022-11-14 12:57:54 - INFO - epoch-71, train_loss-1.2445, train_rmse-1.1156, valid_rmse-1.3525, valid_pr-0.6978
2022-11-14 12:58:12 - INFO - epoch-72, train_loss-1.2630, train_rmse-1.1238, valid_rmse-1.3945, valid_pr-0.6936
2022-11-14 12:58:32 - INFO - epoch-73, train_loss-1.2630, train_rmse-1.1238, valid_rmse-1.5135, valid_pr-0.6939
2022-11-14 12:58:50 - INFO - epoch-74, train_loss-1.2690, train_rmse-1.1265, valid_rmse-1.5003, valid_pr-0.6934
2022-11-14 12:59:08 - INFO - epoch-75, train_loss-1.2628, train_rmse-1.1237, valid_rmse-1.4263, valid_pr-0.6910
2022-11-14 12:59:25 - INFO - epoch-76, train_loss-1.2382, train_rmse-1.1128, valid_rmse-1.4437, valid_pr-0.6920
2022-11-14 12:59:42 - INFO - epoch-77, train_loss-1.2141, train_rmse-1.1018, valid_rmse-1.4120, valid_pr-0.7027
2022-11-14 12:59:59 - INFO - epoch-78, train_loss-1.2824, train_rmse-1.1324, valid_rmse-1.3638, valid_pr-0.7011
2022-11-14 13:00:18 - INFO - epoch-79, train_loss-1.2550, train_rmse-1.1203, valid_rmse-1.3769, valid_pr-0.6941
2022-11-14 13:00:36 - INFO - epoch-80, train_loss-1.1784, train_rmse-1.0856, valid_rmse-1.4125, valid_pr-0.6998
2022-11-14 13:00:53 - INFO - epoch-81, train_loss-1.1819, train_rmse-1.0872, valid_rmse-1.3764, valid_pr-0.6945
2022-11-14 13:01:11 - INFO - epoch-82, train_loss-1.1783, train_rmse-1.0855, valid_rmse-1.4477, valid_pr-0.6932
2022-11-14 13:01:29 - INFO - epoch-83, train_loss-1.1710, train_rmse-1.0821, valid_rmse-1.3808, valid_pr-0.7047
2022-11-14 13:01:47 - INFO - epoch-84, train_loss-1.1814, train_rmse-1.0869, valid_rmse-1.3659, valid_pr-0.7056
2022-11-14 13:02:04 - INFO - epoch-85, train_loss-1.1989, train_rmse-1.0949, valid_rmse-1.3481, valid_pr-0.7063
2022-11-14 13:02:23 - INFO - epoch-86, train_loss-1.1491, train_rmse-1.0719, valid_rmse-1.3329, valid_pr-0.7048
2022-11-14 13:02:41 - INFO - epoch-87, train_loss-1.1137, train_rmse-1.0553, valid_rmse-1.3272, valid_pr-0.7092
2022-11-14 13:02:59 - INFO - epoch-88, train_loss-1.1453, train_rmse-1.0702, valid_rmse-1.4194, valid_pr-0.7026
2022-11-14 13:03:17 - INFO - epoch-89, train_loss-1.1312, train_rmse-1.0636, valid_rmse-1.3413, valid_pr-0.7050
2022-11-14 13:03:37 - INFO - epoch-90, train_loss-1.0997, train_rmse-1.0486, valid_rmse-1.3860, valid_pr-0.7063
2022-11-14 13:03:55 - INFO - epoch-91, train_loss-1.1171, train_rmse-1.0570, valid_rmse-1.3861, valid_pr-0.7141
2022-11-14 13:04:13 - INFO - epoch-92, train_loss-1.1432, train_rmse-1.0692, valid_rmse-1.3253, valid_pr-0.7074
2022-11-14 13:04:31 - INFO - epoch-93, train_loss-1.0832, train_rmse-1.0408, valid_rmse-1.3308, valid_pr-0.7104
2022-11-14 13:04:50 - INFO - epoch-94, train_loss-1.1021, train_rmse-1.0498, valid_rmse-1.3182, valid_pr-0.7096
2022-11-14 13:05:07 - INFO - epoch-95, train_loss-1.0864, train_rmse-1.0423, valid_rmse-1.3368, valid_pr-0.7124
2022-11-14 13:05:25 - INFO - epoch-96, train_loss-1.0688, train_rmse-1.0338, valid_rmse-1.4060, valid_pr-0.7030
2022-11-14 13:05:42 - INFO - epoch-97, train_loss-1.0757, train_rmse-1.0371, valid_rmse-1.3582, valid_pr-0.7104
2022-11-14 13:06:00 - INFO - epoch-98, train_loss-1.0441, train_rmse-1.0218, valid_rmse-1.3288, valid_pr-0.7186
2022-11-14 13:06:19 - INFO - epoch-99, train_loss-1.0692, train_rmse-1.0340, valid_rmse-1.3866, valid_pr-0.7090
2022-11-14 13:06:36 - INFO - epoch-100, train_loss-1.0769, train_rmse-1.0377, valid_rmse-1.3282, valid_pr-0.7112
2022-11-14 13:06:54 - INFO - epoch-101, train_loss-1.0179, train_rmse-1.0089, valid_rmse-1.3429, valid_pr-0.7163
2022-11-14 13:07:11 - INFO - epoch-102, train_loss-1.0397, train_rmse-1.0196, valid_rmse-1.4359, valid_pr-0.7167
2022-11-14 13:07:28 - INFO - epoch-103, train_loss-1.0361, train_rmse-1.0179, valid_rmse-1.3137, valid_pr-0.7145
2022-11-14 13:07:45 - INFO - epoch-104, train_loss-1.0097, train_rmse-1.0049, valid_rmse-1.3798, valid_pr-0.7218
2022-11-14 13:08:03 - INFO - epoch-105, train_loss-0.9931, train_rmse-0.9965, valid_rmse-1.3426, valid_pr-0.7161
2022-11-14 13:08:20 - INFO - epoch-106, train_loss-0.9784, train_rmse-0.9892, valid_rmse-1.3226, valid_pr-0.7107
2022-11-14 13:08:37 - INFO - epoch-107, train_loss-0.9712, train_rmse-0.9855, valid_rmse-1.3706, valid_pr-0.7169
2022-11-14 13:08:53 - INFO - epoch-108, train_loss-0.9590, train_rmse-0.9793, valid_rmse-1.3574, valid_pr-0.7124
2022-11-14 13:09:09 - INFO - epoch-109, train_loss-0.9606, train_rmse-0.9801, valid_rmse-1.3016, valid_pr-0.7225
2022-11-14 13:09:25 - INFO - epoch-110, train_loss-0.9571, train_rmse-0.9783, valid_rmse-1.3056, valid_pr-0.7227
2022-11-14 13:09:40 - INFO - epoch-111, train_loss-0.9631, train_rmse-0.9814, valid_rmse-1.3702, valid_pr-0.7168
2022-11-14 13:09:56 - INFO - epoch-112, train_loss-0.9396, train_rmse-0.9693, valid_rmse-1.3342, valid_pr-0.7224
2022-11-14 13:10:12 - INFO - epoch-113, train_loss-0.9363, train_rmse-0.9676, valid_rmse-1.3733, valid_pr-0.7217
2022-11-14 13:10:28 - INFO - epoch-114, train_loss-0.9239, train_rmse-0.9612, valid_rmse-1.3098, valid_pr-0.7196
2022-11-14 13:10:44 - INFO - epoch-115, train_loss-0.9040, train_rmse-0.9508, valid_rmse-1.3288, valid_pr-0.7217
2022-11-14 13:11:00 - INFO - epoch-116, train_loss-0.9248, train_rmse-0.9617, valid_rmse-1.3008, valid_pr-0.7247
2022-11-14 13:11:15 - INFO - epoch-117, train_loss-0.9063, train_rmse-0.9520, valid_rmse-1.3223, valid_pr-0.7202
2022-11-14 13:11:31 - INFO - epoch-118, train_loss-0.9126, train_rmse-0.9553, valid_rmse-1.2941, valid_pr-0.7296
2022-11-14 13:11:47 - INFO - epoch-119, train_loss-0.9077, train_rmse-0.9527, valid_rmse-1.3039, valid_pr-0.7270
2022-11-14 13:12:02 - INFO - epoch-120, train_loss-0.8825, train_rmse-0.9394, valid_rmse-1.3007, valid_pr-0.7215
2022-11-14 13:12:18 - INFO - epoch-121, train_loss-0.9081, train_rmse-0.9529, valid_rmse-1.3343, valid_pr-0.7222
2022-11-14 13:12:35 - INFO - epoch-122, train_loss-0.8868, train_rmse-0.9417, valid_rmse-1.3189, valid_pr-0.7258
2022-11-14 13:12:51 - INFO - epoch-123, train_loss-0.8592, train_rmse-0.9269, valid_rmse-1.3043, valid_pr-0.7252
2022-11-14 13:13:06 - INFO - epoch-124, train_loss-0.8583, train_rmse-0.9265, valid_rmse-1.3008, valid_pr-0.7258
2022-11-14 13:13:22 - INFO - epoch-125, train_loss-0.8607, train_rmse-0.9277, valid_rmse-1.3240, valid_pr-0.7315
2022-11-14 13:13:38 - INFO - epoch-126, train_loss-0.8540, train_rmse-0.9241, valid_rmse-1.2989, valid_pr-0.7317
2022-11-14 13:13:54 - INFO - epoch-127, train_loss-0.8367, train_rmse-0.9147, valid_rmse-1.2853, valid_pr-0.7301
2022-11-14 13:14:10 - INFO - epoch-128, train_loss-0.8325, train_rmse-0.9124, valid_rmse-1.3010, valid_pr-0.7301
2022-11-14 13:14:25 - INFO - epoch-129, train_loss-0.8071, train_rmse-0.8984, valid_rmse-1.3300, valid_pr-0.7322
2022-11-14 13:14:41 - INFO - epoch-130, train_loss-0.8037, train_rmse-0.8965, valid_rmse-1.3646, valid_pr-0.7213
2022-11-14 13:14:57 - INFO - epoch-131, train_loss-0.8202, train_rmse-0.9056, valid_rmse-1.3364, valid_pr-0.7305
2022-11-14 13:15:13 - INFO - epoch-132, train_loss-0.8059, train_rmse-0.8977, valid_rmse-1.3304, valid_pr-0.7278
2022-11-14 13:15:29 - INFO - epoch-133, train_loss-0.7926, train_rmse-0.8903, valid_rmse-1.2903, valid_pr-0.7307
2022-11-14 13:15:44 - INFO - epoch-134, train_loss-0.7989, train_rmse-0.8938, valid_rmse-1.3353, valid_pr-0.7349
2022-11-14 13:16:00 - INFO - epoch-135, train_loss-0.7663, train_rmse-0.8754, valid_rmse-1.2921, valid_pr-0.7310
2022-11-14 13:16:16 - INFO - epoch-136, train_loss-0.7806, train_rmse-0.8835, valid_rmse-1.3459, valid_pr-0.7349
2022-11-14 13:16:32 - INFO - epoch-137, train_loss-0.7614, train_rmse-0.8726, valid_rmse-1.2883, valid_pr-0.7376
2022-11-14 13:16:47 - INFO - epoch-138, train_loss-0.7613, train_rmse-0.8725, valid_rmse-1.3336, valid_pr-0.7383
2022-11-14 13:17:03 - INFO - epoch-139, train_loss-0.7525, train_rmse-0.8675, valid_rmse-1.2928, valid_pr-0.7329
2022-11-14 13:17:18 - INFO - epoch-140, train_loss-0.7526, train_rmse-0.8675, valid_rmse-1.2906, valid_pr-0.7280
2022-11-14 13:17:34 - INFO - epoch-141, train_loss-0.7392, train_rmse-0.8598, valid_rmse-1.3195, valid_pr-0.7279
2022-11-14 13:17:50 - INFO - epoch-142, train_loss-0.7614, train_rmse-0.8726, valid_rmse-1.3210, valid_pr-0.7190
2022-11-14 13:18:05 - INFO - epoch-143, train_loss-0.7308, train_rmse-0.8549, valid_rmse-1.2916, valid_pr-0.7321
2022-11-14 13:18:21 - INFO - epoch-144, train_loss-0.7324, train_rmse-0.8558, valid_rmse-1.3289, valid_pr-0.7435
2022-11-14 13:18:37 - INFO - epoch-145, train_loss-0.7056, train_rmse-0.8400, valid_rmse-1.2813, valid_pr-0.7373
2022-11-14 13:18:53 - INFO - epoch-146, train_loss-0.7154, train_rmse-0.8458, valid_rmse-1.2841, valid_pr-0.7367
2022-11-14 13:19:09 - INFO - epoch-147, train_loss-0.7281, train_rmse-0.8533, valid_rmse-1.3570, valid_pr-0.7339
2022-11-14 13:19:25 - INFO - epoch-148, train_loss-0.7136, train_rmse-0.8448, valid_rmse-1.3243, valid_pr-0.7381
2022-11-14 13:19:40 - INFO - epoch-149, train_loss-0.6950, train_rmse-0.8337, valid_rmse-1.3412, valid_pr-0.7362
2022-11-14 13:19:56 - INFO - epoch-150, train_loss-0.7038, train_rmse-0.8389, valid_rmse-1.2868, valid_pr-0.7379
2022-11-14 13:20:12 - INFO - epoch-151, train_loss-0.6836, train_rmse-0.8268, valid_rmse-1.2946, valid_pr-0.7400
2022-11-14 13:20:28 - INFO - epoch-152, train_loss-0.7009, train_rmse-0.8372, valid_rmse-1.2959, valid_pr-0.7335
2022-11-14 13:20:44 - INFO - epoch-153, train_loss-0.6918, train_rmse-0.8318, valid_rmse-1.3286, valid_pr-0.7406
2022-11-14 13:20:59 - INFO - epoch-154, train_loss-0.6655, train_rmse-0.8158, valid_rmse-1.2966, valid_pr-0.7337
2022-11-14 13:21:15 - INFO - epoch-155, train_loss-0.6805, train_rmse-0.8249, valid_rmse-1.2701, valid_pr-0.7440
2022-11-14 13:21:30 - INFO - epoch-156, train_loss-0.6562, train_rmse-0.8101, valid_rmse-1.2812, valid_pr-0.7400
2022-11-14 13:21:45 - INFO - epoch-157, train_loss-0.6638, train_rmse-0.8147, valid_rmse-1.3643, valid_pr-0.7339
2022-11-14 13:22:01 - INFO - epoch-158, train_loss-0.6619, train_rmse-0.8136, valid_rmse-1.3135, valid_pr-0.7410
2022-11-14 13:22:16 - INFO - epoch-159, train_loss-0.6377, train_rmse-0.7986, valid_rmse-1.2625, valid_pr-0.7388
2022-11-14 13:22:32 - INFO - epoch-160, train_loss-0.6369, train_rmse-0.7981, valid_rmse-1.2791, valid_pr-0.7387
2022-11-14 13:22:48 - INFO - epoch-161, train_loss-0.6536, train_rmse-0.8085, valid_rmse-1.2658, valid_pr-0.7439
2022-11-14 13:23:04 - INFO - epoch-162, train_loss-0.6300, train_rmse-0.7937, valid_rmse-1.2490, valid_pr-0.7496
2022-11-14 13:23:20 - INFO - epoch-163, train_loss-0.6178, train_rmse-0.7860, valid_rmse-1.2563, valid_pr-0.7491
2022-11-14 13:23:37 - INFO - epoch-164, train_loss-0.6173, train_rmse-0.7857, valid_rmse-1.4181, valid_pr-0.7419
2022-11-14 13:23:53 - INFO - epoch-165, train_loss-0.6238, train_rmse-0.7898, valid_rmse-1.2962, valid_pr-0.7374
2022-11-14 13:24:09 - INFO - epoch-166, train_loss-0.6089, train_rmse-0.7803, valid_rmse-1.2772, valid_pr-0.7435
2022-11-14 13:24:26 - INFO - epoch-167, train_loss-0.6065, train_rmse-0.7788, valid_rmse-1.2851, valid_pr-0.7430
2022-11-14 13:24:42 - INFO - epoch-168, train_loss-0.6033, train_rmse-0.7767, valid_rmse-1.2651, valid_pr-0.7448
2022-11-14 13:24:58 - INFO - epoch-169, train_loss-0.5953, train_rmse-0.7716, valid_rmse-1.2890, valid_pr-0.7460
2022-11-14 13:25:14 - INFO - epoch-170, train_loss-0.5804, train_rmse-0.7618, valid_rmse-1.2502, valid_pr-0.7452
2022-11-14 13:25:30 - INFO - epoch-171, train_loss-0.5982, train_rmse-0.7734, valid_rmse-1.2551, valid_pr-0.7496
2022-11-14 13:25:45 - INFO - epoch-172, train_loss-0.5972, train_rmse-0.7728, valid_rmse-1.2789, valid_pr-0.7397
2022-11-14 13:26:01 - INFO - epoch-173, train_loss-0.5924, train_rmse-0.7697, valid_rmse-1.2697, valid_pr-0.7461
2022-11-14 13:26:16 - INFO - epoch-174, train_loss-0.5805, train_rmse-0.7619, valid_rmse-1.2743, valid_pr-0.7452
2022-11-14 13:26:32 - INFO - epoch-175, train_loss-0.5805, train_rmse-0.7619, valid_rmse-1.2891, valid_pr-0.7450
2022-11-14 13:26:48 - INFO - epoch-176, train_loss-0.5683, train_rmse-0.7539, valid_rmse-1.3013, valid_pr-0.7415
2022-11-14 13:27:04 - INFO - epoch-177, train_loss-0.5694, train_rmse-0.7546, valid_rmse-1.3300, valid_pr-0.7422
2022-11-14 13:27:20 - INFO - epoch-178, train_loss-0.5504, train_rmse-0.7419, valid_rmse-1.2833, valid_pr-0.7447
2022-11-14 13:27:35 - INFO - epoch-179, train_loss-0.5529, train_rmse-0.7435, valid_rmse-1.3194, valid_pr-0.7412
2022-11-14 13:27:52 - INFO - epoch-180, train_loss-0.5470, train_rmse-0.7396, valid_rmse-1.2785, valid_pr-0.7385
2022-11-14 13:28:08 - INFO - epoch-181, train_loss-0.5482, train_rmse-0.7404, valid_rmse-1.2621, valid_pr-0.7436
2022-11-14 13:28:24 - INFO - epoch-182, train_loss-0.5446, train_rmse-0.7379, valid_rmse-1.3326, valid_pr-0.7425
2022-11-14 13:28:40 - INFO - epoch-183, train_loss-0.5334, train_rmse-0.7304, valid_rmse-1.2688, valid_pr-0.7459
2022-11-14 13:28:56 - INFO - epoch-184, train_loss-0.5333, train_rmse-0.7303, valid_rmse-1.2733, valid_pr-0.7464
2022-11-14 13:29:12 - INFO - epoch-185, train_loss-0.5406, train_rmse-0.7352, valid_rmse-1.2600, valid_pr-0.7445
2022-11-14 13:29:28 - INFO - epoch-186, train_loss-0.5313, train_rmse-0.7289, valid_rmse-1.2715, valid_pr-0.7403
2022-11-14 13:29:44 - INFO - epoch-187, train_loss-0.5426, train_rmse-0.7366, valid_rmse-1.2596, valid_pr-0.7471
2022-11-14 13:30:00 - INFO - epoch-188, train_loss-0.5160, train_rmse-0.7184, valid_rmse-1.2553, valid_pr-0.7467
2022-11-14 13:30:16 - INFO - epoch-189, train_loss-0.5251, train_rmse-0.7247, valid_rmse-1.2848, valid_pr-0.7428
2022-11-14 13:30:32 - INFO - epoch-190, train_loss-0.5252, train_rmse-0.7247, valid_rmse-1.2809, valid_pr-0.7430
2022-11-14 13:30:48 - INFO - epoch-191, train_loss-0.5130, train_rmse-0.7162, valid_rmse-1.2748, valid_pr-0.7465
2022-11-14 13:31:04 - INFO - epoch-192, train_loss-0.5137, train_rmse-0.7167, valid_rmse-1.2784, valid_pr-0.7453
2022-11-14 13:31:20 - INFO - epoch-193, train_loss-0.4926, train_rmse-0.7019, valid_rmse-1.2734, valid_pr-0.7491
2022-11-14 13:31:36 - INFO - epoch-194, train_loss-0.4893, train_rmse-0.6995, valid_rmse-1.2683, valid_pr-0.7526
2022-11-14 13:31:52 - INFO - epoch-195, train_loss-0.4812, train_rmse-0.6937, valid_rmse-1.2872, valid_pr-0.7396
2022-11-14 13:32:08 - INFO - epoch-196, train_loss-0.5142, train_rmse-0.7171, valid_rmse-1.3454, valid_pr-0.7380
2022-11-14 13:32:24 - INFO - epoch-197, train_loss-0.4999, train_rmse-0.7071, valid_rmse-1.3699, valid_pr-0.7442
2022-11-14 13:32:40 - INFO - epoch-198, train_loss-0.4869, train_rmse-0.6978, valid_rmse-1.2792, valid_pr-0.7523
2022-11-14 13:32:56 - INFO - epoch-199, train_loss-0.4883, train_rmse-0.6988, valid_rmse-1.2817, valid_pr-0.7415
2022-11-14 13:33:12 - INFO - epoch-200, train_loss-0.4861, train_rmse-0.6972, valid_rmse-1.3419, valid_pr-0.7403
2022-11-14 13:33:28 - INFO - epoch-201, train_loss-0.4731, train_rmse-0.6878, valid_rmse-1.2790, valid_pr-0.7461
2022-11-14 13:33:45 - INFO - epoch-202, train_loss-0.4803, train_rmse-0.6931, valid_rmse-1.2867, valid_pr-0.7437
2022-11-14 13:34:02 - INFO - epoch-203, train_loss-0.4845, train_rmse-0.6960, valid_rmse-1.2930, valid_pr-0.7352
2022-11-14 13:34:18 - INFO - epoch-204, train_loss-0.4737, train_rmse-0.6883, valid_rmse-1.3278, valid_pr-0.7455
2022-11-14 13:34:34 - INFO - epoch-205, train_loss-0.4952, train_rmse-0.7037, valid_rmse-1.2749, valid_pr-0.7428
2022-11-14 13:34:51 - INFO - epoch-206, train_loss-0.4597, train_rmse-0.6780, valid_rmse-1.2665, valid_pr-0.7451
2022-11-14 13:35:07 - INFO - epoch-207, train_loss-0.4659, train_rmse-0.6826, valid_rmse-1.2807, valid_pr-0.7446
2022-11-14 13:35:22 - INFO - epoch-208, train_loss-0.4552, train_rmse-0.6746, valid_rmse-1.2681, valid_pr-0.7473
2022-11-14 13:35:39 - INFO - epoch-209, train_loss-0.4510, train_rmse-0.6715, valid_rmse-1.3442, valid_pr-0.7473
2022-11-14 13:35:54 - INFO - epoch-210, train_loss-0.4617, train_rmse-0.6795, valid_rmse-1.3072, valid_pr-0.7426
2022-11-14 13:36:11 - INFO - epoch-211, train_loss-0.4418, train_rmse-0.6647, valid_rmse-1.2948, valid_pr-0.7459
2022-11-14 13:36:27 - INFO - epoch-212, train_loss-0.4399, train_rmse-0.6632, valid_rmse-1.3035, valid_pr-0.7421
2022-11-14 13:36:43 - INFO - epoch-213, train_loss-0.4597, train_rmse-0.6780, valid_rmse-1.2502, valid_pr-0.7510
2022-11-14 13:36:43 - INFO - early stop in epoch 213
2022-11-14 13:36:43 - INFO - best_rmse: 1.2490
2022-11-14 13:36:51 - INFO - valid_rmse-1.2490, valid_pr-0.7496, test2013_rmse-1.2664, test2013_pr-0.8504, test2016_rmse-1.1348, test2016_pr-0.8579, test2019_rmse-1.4356, test2019_pr-0.6532,
