2022-11-14 14:50:27 - INFO - train.py
2022-11-14 14:50:27 - INFO - train data: 11904
2022-11-14 14:50:27 - INFO - valid data: 1000
2022-11-14 14:50:27 - INFO - test2013 data: 107
2022-11-14 14:50:27 - INFO - test2016 data: 285
2022-11-14 14:50:27 - INFO - test2019 data: 4366
2022-11-14 14:50:42 - INFO - epoch-0, train_loss-57.4434, train_rmse-7.5791, valid_rmse-2.2914, valid_pr-0.4256
2022-11-14 14:50:59 - INFO - epoch-1, train_loss-10.4720, train_rmse-3.2360, valid_rmse-2.0973, valid_pr-0.4557
2022-11-14 14:51:16 - INFO - epoch-2, train_loss-6.2801, train_rmse-2.5060, valid_rmse-1.8791, valid_pr-0.5022
2022-11-14 14:51:32 - INFO - epoch-3, train_loss-4.5529, train_rmse-2.1337, valid_rmse-1.7856, valid_pr-0.5228
2022-11-14 14:51:48 - INFO - epoch-4, train_loss-3.7553, train_rmse-1.9379, valid_rmse-1.7715, valid_pr-0.5432
2022-11-14 14:52:05 - INFO - epoch-5, train_loss-3.3485, train_rmse-1.8299, valid_rmse-1.6722, valid_pr-0.5616
2022-11-14 14:52:22 - INFO - epoch-6, train_loss-3.0180, train_rmse-1.7372, valid_rmse-1.5939, valid_pr-0.5753
2022-11-14 14:52:38 - INFO - epoch-7, train_loss-2.7557, train_rmse-1.6600, valid_rmse-1.5947, valid_pr-0.5758
2022-11-14 14:52:54 - INFO - epoch-8, train_loss-2.5733, train_rmse-1.6042, valid_rmse-1.5607, valid_pr-0.5841
2022-11-14 14:53:10 - INFO - epoch-9, train_loss-2.4561, train_rmse-1.5672, valid_rmse-1.5858, valid_pr-0.5862
2022-11-14 14:53:26 - INFO - epoch-10, train_loss-2.3451, train_rmse-1.5314, valid_rmse-1.5247, valid_pr-0.6013
2022-11-14 14:53:42 - INFO - epoch-11, train_loss-2.2416, train_rmse-1.4972, valid_rmse-1.5371, valid_pr-0.5969
2022-11-14 14:53:58 - INFO - epoch-12, train_loss-2.1762, train_rmse-1.4752, valid_rmse-1.5292, valid_pr-0.5946
2022-11-14 14:54:15 - INFO - epoch-13, train_loss-2.0934, train_rmse-1.4469, valid_rmse-1.5142, valid_pr-0.6048
2022-11-14 14:54:31 - INFO - epoch-14, train_loss-2.0766, train_rmse-1.4410, valid_rmse-1.5424, valid_pr-0.6043
2022-11-14 14:54:47 - INFO - epoch-15, train_loss-1.9914, train_rmse-1.4112, valid_rmse-1.5224, valid_pr-0.6091
2022-11-14 14:55:02 - INFO - epoch-16, train_loss-1.9839, train_rmse-1.4085, valid_rmse-1.5127, valid_pr-0.6083
2022-11-14 14:55:18 - INFO - epoch-17, train_loss-1.9379, train_rmse-1.3921, valid_rmse-1.4883, valid_pr-0.6159
2022-11-14 14:55:34 - INFO - epoch-18, train_loss-1.8980, train_rmse-1.3777, valid_rmse-1.4835, valid_pr-0.6216
2022-11-14 14:55:51 - INFO - epoch-19, train_loss-1.8658, train_rmse-1.3659, valid_rmse-1.5190, valid_pr-0.6141
2022-11-14 14:56:07 - INFO - epoch-20, train_loss-1.8321, train_rmse-1.3535, valid_rmse-1.4828, valid_pr-0.6183
2022-11-14 14:56:23 - INFO - epoch-21, train_loss-1.8296, train_rmse-1.3526, valid_rmse-1.5314, valid_pr-0.6248
2022-11-14 14:56:39 - INFO - epoch-22, train_loss-1.8026, train_rmse-1.3426, valid_rmse-1.4756, valid_pr-0.6239
2022-11-14 14:56:55 - INFO - epoch-23, train_loss-1.7523, train_rmse-1.3238, valid_rmse-1.4608, valid_pr-0.6288
2022-11-14 14:57:11 - INFO - epoch-24, train_loss-1.7350, train_rmse-1.3172, valid_rmse-1.4882, valid_pr-0.6259
2022-11-14 14:57:28 - INFO - epoch-25, train_loss-1.7200, train_rmse-1.3115, valid_rmse-1.4894, valid_pr-0.6262
2022-11-14 14:57:43 - INFO - epoch-26, train_loss-1.7191, train_rmse-1.3111, valid_rmse-1.4660, valid_pr-0.6322
2022-11-14 14:58:00 - INFO - epoch-27, train_loss-1.6717, train_rmse-1.2929, valid_rmse-1.4710, valid_pr-0.6262
2022-11-14 14:58:15 - INFO - epoch-28, train_loss-1.6857, train_rmse-1.2984, valid_rmse-1.4605, valid_pr-0.6384
2022-11-14 14:58:31 - INFO - epoch-29, train_loss-1.6519, train_rmse-1.2853, valid_rmse-1.4725, valid_pr-0.6349
2022-11-14 14:58:46 - INFO - epoch-30, train_loss-1.6430, train_rmse-1.2818, valid_rmse-1.4851, valid_pr-0.6308
2022-11-14 14:59:02 - INFO - epoch-31, train_loss-1.6148, train_rmse-1.2708, valid_rmse-1.4767, valid_pr-0.6307
2022-11-14 14:59:18 - INFO - epoch-32, train_loss-1.6119, train_rmse-1.2696, valid_rmse-1.4722, valid_pr-0.6358
2022-11-14 14:59:34 - INFO - epoch-33, train_loss-1.5732, train_rmse-1.2543, valid_rmse-1.5380, valid_pr-0.6380
2022-11-14 14:59:50 - INFO - epoch-34, train_loss-1.5754, train_rmse-1.2552, valid_rmse-1.4524, valid_pr-0.6412
2022-11-14 15:00:06 - INFO - epoch-35, train_loss-1.5557, train_rmse-1.2473, valid_rmse-1.5335, valid_pr-0.6453
2022-11-14 15:00:21 - INFO - epoch-36, train_loss-1.5404, train_rmse-1.2411, valid_rmse-1.4519, valid_pr-0.6500
2022-11-14 15:00:37 - INFO - epoch-37, train_loss-1.5248, train_rmse-1.2348, valid_rmse-1.4771, valid_pr-0.6491
2022-11-14 15:00:53 - INFO - epoch-38, train_loss-1.5253, train_rmse-1.2350, valid_rmse-1.4495, valid_pr-0.6495
2022-11-14 15:01:09 - INFO - epoch-39, train_loss-1.5041, train_rmse-1.2264, valid_rmse-1.4782, valid_pr-0.6487
2022-11-14 15:01:26 - INFO - epoch-40, train_loss-1.4999, train_rmse-1.2247, valid_rmse-1.4250, valid_pr-0.6568
2022-11-14 15:01:42 - INFO - epoch-41, train_loss-1.4864, train_rmse-1.2192, valid_rmse-1.4664, valid_pr-0.6585
2022-11-14 15:01:59 - INFO - epoch-42, train_loss-1.4929, train_rmse-1.2218, valid_rmse-1.5064, valid_pr-0.6551
2022-11-14 15:02:15 - INFO - epoch-43, train_loss-1.4722, train_rmse-1.2134, valid_rmse-1.4271, valid_pr-0.6625
2022-11-14 15:02:31 - INFO - epoch-44, train_loss-1.4635, train_rmse-1.2098, valid_rmse-1.4653, valid_pr-0.6550
2022-11-14 15:02:47 - INFO - epoch-45, train_loss-1.4444, train_rmse-1.2018, valid_rmse-1.4186, valid_pr-0.6597
2022-11-14 15:03:04 - INFO - epoch-46, train_loss-1.4422, train_rmse-1.2009, valid_rmse-1.4213, valid_pr-0.6596
2022-11-14 15:03:21 - INFO - epoch-47, train_loss-1.4039, train_rmse-1.1849, valid_rmse-1.4094, valid_pr-0.6703
2022-11-14 15:03:37 - INFO - epoch-48, train_loss-1.3999, train_rmse-1.1832, valid_rmse-1.4539, valid_pr-0.6591
2022-11-14 15:03:53 - INFO - epoch-49, train_loss-1.3974, train_rmse-1.1821, valid_rmse-1.4334, valid_pr-0.6645
2022-11-14 15:04:08 - INFO - epoch-50, train_loss-1.3904, train_rmse-1.1792, valid_rmse-1.4043, valid_pr-0.6650
2022-11-14 15:04:25 - INFO - epoch-51, train_loss-1.3947, train_rmse-1.1810, valid_rmse-1.4134, valid_pr-0.6705
2022-11-14 15:04:40 - INFO - epoch-52, train_loss-1.3650, train_rmse-1.1683, valid_rmse-1.4875, valid_pr-0.6662
2022-11-14 15:04:57 - INFO - epoch-53, train_loss-1.3879, train_rmse-1.1781, valid_rmse-1.4029, valid_pr-0.6719
2022-11-14 15:05:12 - INFO - epoch-54, train_loss-1.3672, train_rmse-1.1693, valid_rmse-1.3959, valid_pr-0.6748
2022-11-14 15:05:28 - INFO - epoch-55, train_loss-1.3393, train_rmse-1.1573, valid_rmse-1.4071, valid_pr-0.6751
2022-11-14 15:05:44 - INFO - epoch-56, train_loss-1.3263, train_rmse-1.1517, valid_rmse-1.4012, valid_pr-0.6728
2022-11-14 15:06:00 - INFO - epoch-57, train_loss-1.3381, train_rmse-1.1567, valid_rmse-1.3871, valid_pr-0.6746
2022-11-14 15:06:17 - INFO - epoch-58, train_loss-1.3161, train_rmse-1.1472, valid_rmse-1.4063, valid_pr-0.6726
2022-11-14 15:06:34 - INFO - epoch-59, train_loss-1.3099, train_rmse-1.1445, valid_rmse-1.3681, valid_pr-0.6869
2022-11-14 15:06:50 - INFO - epoch-60, train_loss-1.3356, train_rmse-1.1557, valid_rmse-1.4433, valid_pr-0.6722
2022-11-14 15:07:07 - INFO - epoch-61, train_loss-1.2990, train_rmse-1.1397, valid_rmse-1.3858, valid_pr-0.6829
2022-11-14 15:07:23 - INFO - epoch-62, train_loss-1.2646, train_rmse-1.1245, valid_rmse-1.4033, valid_pr-0.6763
2022-11-14 15:07:39 - INFO - epoch-63, train_loss-1.2769, train_rmse-1.1300, valid_rmse-1.4249, valid_pr-0.6803
2022-11-14 15:07:55 - INFO - epoch-64, train_loss-1.2680, train_rmse-1.1261, valid_rmse-1.5009, valid_pr-0.6785
2022-11-14 15:08:11 - INFO - epoch-65, train_loss-1.2657, train_rmse-1.1250, valid_rmse-1.3543, valid_pr-0.6909
2022-11-14 15:08:26 - INFO - epoch-66, train_loss-1.2411, train_rmse-1.1140, valid_rmse-1.3640, valid_pr-0.6846
2022-11-14 15:08:43 - INFO - epoch-67, train_loss-1.2371, train_rmse-1.1122, valid_rmse-1.3980, valid_pr-0.6835
2022-11-14 15:08:58 - INFO - epoch-68, train_loss-1.2246, train_rmse-1.1066, valid_rmse-1.3811, valid_pr-0.6845
2022-11-14 15:09:14 - INFO - epoch-69, train_loss-1.2278, train_rmse-1.1081, valid_rmse-1.3836, valid_pr-0.6871
2022-11-14 15:09:30 - INFO - epoch-70, train_loss-1.2121, train_rmse-1.1009, valid_rmse-1.3532, valid_pr-0.6948
2022-11-14 15:09:45 - INFO - epoch-71, train_loss-1.2081, train_rmse-1.0991, valid_rmse-1.3928, valid_pr-0.6899
2022-11-14 15:10:01 - INFO - epoch-72, train_loss-1.1856, train_rmse-1.0889, valid_rmse-1.3754, valid_pr-0.6853
2022-11-14 15:10:17 - INFO - epoch-73, train_loss-1.1734, train_rmse-1.0832, valid_rmse-1.3539, valid_pr-0.6923
2022-11-14 15:10:33 - INFO - epoch-74, train_loss-1.1769, train_rmse-1.0849, valid_rmse-1.3439, valid_pr-0.6981
2022-11-14 15:10:50 - INFO - epoch-75, train_loss-1.1695, train_rmse-1.0814, valid_rmse-1.3939, valid_pr-0.6882
2022-11-14 15:11:06 - INFO - epoch-76, train_loss-1.1575, train_rmse-1.0759, valid_rmse-1.4021, valid_pr-0.6877
2022-11-14 15:11:22 - INFO - epoch-77, train_loss-1.1477, train_rmse-1.0713, valid_rmse-1.3716, valid_pr-0.6958
2022-11-14 15:11:38 - INFO - epoch-78, train_loss-1.1476, train_rmse-1.0712, valid_rmse-1.3725, valid_pr-0.6937
2022-11-14 15:11:55 - INFO - epoch-79, train_loss-1.1094, train_rmse-1.0533, valid_rmse-1.3507, valid_pr-0.7010
2022-11-14 15:12:11 - INFO - epoch-80, train_loss-1.1135, train_rmse-1.0552, valid_rmse-1.3473, valid_pr-0.6996
2022-11-14 15:12:27 - INFO - epoch-81, train_loss-1.1120, train_rmse-1.0545, valid_rmse-1.3516, valid_pr-0.7033
2022-11-14 15:12:42 - INFO - epoch-82, train_loss-1.1160, train_rmse-1.0564, valid_rmse-1.3860, valid_pr-0.6888
2022-11-14 15:12:58 - INFO - epoch-83, train_loss-1.1128, train_rmse-1.0549, valid_rmse-1.3947, valid_pr-0.6979
2022-11-14 15:13:14 - INFO - epoch-84, train_loss-1.0935, train_rmse-1.0457, valid_rmse-1.3530, valid_pr-0.6950
2022-11-14 15:13:29 - INFO - epoch-85, train_loss-1.1222, train_rmse-1.0594, valid_rmse-1.3629, valid_pr-0.7009
2022-11-14 15:13:46 - INFO - epoch-86, train_loss-1.0646, train_rmse-1.0318, valid_rmse-1.3670, valid_pr-0.6987
2022-11-14 15:14:03 - INFO - epoch-87, train_loss-1.0696, train_rmse-1.0342, valid_rmse-1.3574, valid_pr-0.6994
2022-11-14 15:14:19 - INFO - epoch-88, train_loss-1.0559, train_rmse-1.0276, valid_rmse-1.3548, valid_pr-0.7064
2022-11-14 15:14:35 - INFO - epoch-89, train_loss-1.0337, train_rmse-1.0167, valid_rmse-1.3302, valid_pr-0.7103
2022-11-14 15:14:50 - INFO - epoch-90, train_loss-1.0396, train_rmse-1.0196, valid_rmse-1.3553, valid_pr-0.7023
2022-11-14 15:15:07 - INFO - epoch-91, train_loss-1.0536, train_rmse-1.0264, valid_rmse-1.3742, valid_pr-0.7028
2022-11-14 15:15:23 - INFO - epoch-92, train_loss-1.0124, train_rmse-1.0062, valid_rmse-1.4738, valid_pr-0.7066
2022-11-14 15:15:40 - INFO - epoch-93, train_loss-1.0446, train_rmse-1.0221, valid_rmse-1.3332, valid_pr-0.7076
2022-11-14 15:15:56 - INFO - epoch-94, train_loss-1.0335, train_rmse-1.0166, valid_rmse-1.3713, valid_pr-0.7032
2022-11-14 15:16:12 - INFO - epoch-95, train_loss-1.0487, train_rmse-1.0240, valid_rmse-1.3809, valid_pr-0.6984
2022-11-14 15:16:29 - INFO - epoch-96, train_loss-1.0085, train_rmse-1.0042, valid_rmse-1.3363, valid_pr-0.7069
2022-11-14 15:16:45 - INFO - epoch-97, train_loss-0.9919, train_rmse-0.9959, valid_rmse-1.3311, valid_pr-0.7130
2022-11-14 15:17:01 - INFO - epoch-98, train_loss-0.9605, train_rmse-0.9801, valid_rmse-1.3391, valid_pr-0.7041
2022-11-14 15:17:16 - INFO - epoch-99, train_loss-0.9645, train_rmse-0.9821, valid_rmse-1.3758, valid_pr-0.7134
2022-11-14 15:17:32 - INFO - epoch-100, train_loss-0.9567, train_rmse-0.9781, valid_rmse-1.3434, valid_pr-0.7044
2022-11-14 15:17:48 - INFO - epoch-101, train_loss-0.9506, train_rmse-0.9750, valid_rmse-1.3176, valid_pr-0.7129
2022-11-14 15:18:05 - INFO - epoch-102, train_loss-0.9534, train_rmse-0.9764, valid_rmse-1.3588, valid_pr-0.7060
2022-11-14 15:18:25 - INFO - epoch-103, train_loss-0.9432, train_rmse-0.9712, valid_rmse-1.3232, valid_pr-0.7204
2022-11-14 15:18:44 - INFO - epoch-104, train_loss-0.9228, train_rmse-0.9606, valid_rmse-1.3272, valid_pr-0.7158
2022-11-14 15:19:04 - INFO - epoch-105, train_loss-0.9112, train_rmse-0.9546, valid_rmse-1.3129, valid_pr-0.7173
2022-11-14 15:19:24 - INFO - epoch-106, train_loss-0.9143, train_rmse-0.9562, valid_rmse-1.3099, valid_pr-0.7244
2022-11-14 15:19:43 - INFO - epoch-107, train_loss-0.9134, train_rmse-0.9557, valid_rmse-1.3695, valid_pr-0.7119
2022-11-14 15:20:02 - INFO - epoch-108, train_loss-0.8955, train_rmse-0.9463, valid_rmse-1.3112, valid_pr-0.7152
2022-11-14 15:20:23 - INFO - epoch-109, train_loss-0.9161, train_rmse-0.9572, valid_rmse-1.3071, valid_pr-0.7227
2022-11-14 15:20:43 - INFO - epoch-110, train_loss-0.8875, train_rmse-0.9421, valid_rmse-1.2798, valid_pr-0.7319
2022-11-14 15:21:03 - INFO - epoch-111, train_loss-0.8805, train_rmse-0.9383, valid_rmse-1.3135, valid_pr-0.7179
2022-11-14 15:21:24 - INFO - epoch-112, train_loss-0.8862, train_rmse-0.9414, valid_rmse-1.3234, valid_pr-0.7196
2022-11-14 15:21:44 - INFO - epoch-113, train_loss-0.8890, train_rmse-0.9429, valid_rmse-1.2969, valid_pr-0.7245
2022-11-14 15:22:05 - INFO - epoch-114, train_loss-0.8442, train_rmse-0.9188, valid_rmse-1.3325, valid_pr-0.7143
2022-11-14 15:22:26 - INFO - epoch-115, train_loss-0.8373, train_rmse-0.9150, valid_rmse-1.3569, valid_pr-0.7247
2022-11-14 15:22:45 - INFO - epoch-116, train_loss-0.8518, train_rmse-0.9229, valid_rmse-1.2960, valid_pr-0.7232
2022-11-14 15:23:06 - INFO - epoch-117, train_loss-0.8463, train_rmse-0.9199, valid_rmse-1.3368, valid_pr-0.7252
2022-11-14 15:23:27 - INFO - epoch-118, train_loss-0.8254, train_rmse-0.9085, valid_rmse-1.2970, valid_pr-0.7280
2022-11-14 15:23:48 - INFO - epoch-119, train_loss-0.8456, train_rmse-0.9195, valid_rmse-1.3915, valid_pr-0.7230
2022-11-14 15:24:10 - INFO - epoch-120, train_loss-0.8383, train_rmse-0.9156, valid_rmse-1.2834, valid_pr-0.7343
2022-11-14 15:24:30 - INFO - epoch-121, train_loss-0.8051, train_rmse-0.8972, valid_rmse-1.3088, valid_pr-0.7250
2022-11-14 15:24:51 - INFO - epoch-122, train_loss-0.7953, train_rmse-0.8918, valid_rmse-1.3455, valid_pr-0.7259
2022-11-14 15:25:12 - INFO - epoch-123, train_loss-0.7957, train_rmse-0.8920, valid_rmse-1.2738, valid_pr-0.7345
2022-11-14 15:25:32 - INFO - epoch-124, train_loss-0.7783, train_rmse-0.8822, valid_rmse-1.2834, valid_pr-0.7311
2022-11-14 15:25:53 - INFO - epoch-125, train_loss-0.7961, train_rmse-0.8923, valid_rmse-1.3027, valid_pr-0.7261
2022-11-14 15:26:14 - INFO - epoch-126, train_loss-0.7565, train_rmse-0.8698, valid_rmse-1.2779, valid_pr-0.7395
2022-11-14 15:26:36 - INFO - epoch-127, train_loss-0.7538, train_rmse-0.8682, valid_rmse-1.3119, valid_pr-0.7253
2022-11-14 15:26:58 - INFO - epoch-128, train_loss-0.7669, train_rmse-0.8757, valid_rmse-1.3319, valid_pr-0.7236
2022-11-14 15:27:19 - INFO - epoch-129, train_loss-0.7512, train_rmse-0.8667, valid_rmse-1.2852, valid_pr-0.7411
2022-11-14 15:27:40 - INFO - epoch-130, train_loss-0.7558, train_rmse-0.8693, valid_rmse-1.2994, valid_pr-0.7263
2022-11-14 15:28:00 - INFO - epoch-131, train_loss-0.7478, train_rmse-0.8647, valid_rmse-1.3326, valid_pr-0.7157
2022-11-14 15:28:22 - INFO - epoch-132, train_loss-0.7609, train_rmse-0.8723, valid_rmse-1.2905, valid_pr-0.7296
2022-11-14 15:28:43 - INFO - epoch-133, train_loss-0.7423, train_rmse-0.8615, valid_rmse-1.2711, valid_pr-0.7341
2022-11-14 15:29:05 - INFO - epoch-134, train_loss-0.7213, train_rmse-0.8493, valid_rmse-1.3048, valid_pr-0.7287
2022-11-14 15:29:25 - INFO - epoch-135, train_loss-0.7261, train_rmse-0.8521, valid_rmse-1.3017, valid_pr-0.7329
2022-11-14 15:29:47 - INFO - epoch-136, train_loss-0.7169, train_rmse-0.8467, valid_rmse-1.2929, valid_pr-0.7323
2022-11-14 15:30:08 - INFO - epoch-137, train_loss-0.7107, train_rmse-0.8430, valid_rmse-1.2989, valid_pr-0.7227
2022-11-14 15:30:30 - INFO - epoch-138, train_loss-0.7010, train_rmse-0.8372, valid_rmse-1.2853, valid_pr-0.7319
2022-11-14 15:30:52 - INFO - epoch-139, train_loss-0.7031, train_rmse-0.8385, valid_rmse-1.3471, valid_pr-0.7360
2022-11-14 15:31:13 - INFO - epoch-140, train_loss-0.6794, train_rmse-0.8242, valid_rmse-1.2731, valid_pr-0.7438
2022-11-14 15:31:37 - INFO - epoch-141, train_loss-0.6898, train_rmse-0.8305, valid_rmse-1.2617, valid_pr-0.7410
2022-11-14 15:31:59 - INFO - epoch-142, train_loss-0.6749, train_rmse-0.8215, valid_rmse-1.3116, valid_pr-0.7334
2022-11-14 15:32:21 - INFO - epoch-143, train_loss-0.6701, train_rmse-0.8186, valid_rmse-1.3623, valid_pr-0.7287
2022-11-14 15:32:41 - INFO - epoch-144, train_loss-0.6799, train_rmse-0.8246, valid_rmse-1.2882, valid_pr-0.7356
2022-11-14 15:33:04 - INFO - epoch-145, train_loss-0.6626, train_rmse-0.8140, valid_rmse-1.2953, valid_pr-0.7438
2022-11-14 15:33:25 - INFO - epoch-146, train_loss-0.6582, train_rmse-0.8113, valid_rmse-1.3007, valid_pr-0.7326
2022-11-14 15:33:46 - INFO - epoch-147, train_loss-0.6461, train_rmse-0.8038, valid_rmse-1.2764, valid_pr-0.7389
2022-11-14 15:34:07 - INFO - epoch-148, train_loss-0.6402, train_rmse-0.8001, valid_rmse-1.3041, valid_pr-0.7289
2022-11-14 15:34:28 - INFO - epoch-149, train_loss-0.6503, train_rmse-0.8064, valid_rmse-1.3013, valid_pr-0.7278
2022-11-14 15:34:49 - INFO - epoch-150, train_loss-0.6432, train_rmse-0.8020, valid_rmse-1.2660, valid_pr-0.7392
2022-11-14 15:35:11 - INFO - epoch-151, train_loss-0.6274, train_rmse-0.7921, valid_rmse-1.2849, valid_pr-0.7400
2022-11-14 15:35:32 - INFO - epoch-152, train_loss-0.6242, train_rmse-0.7900, valid_rmse-1.3052, valid_pr-0.7391
2022-11-14 15:35:53 - INFO - epoch-153, train_loss-0.6302, train_rmse-0.7938, valid_rmse-1.2762, valid_pr-0.7392
2022-11-14 15:36:15 - INFO - epoch-154, train_loss-0.6146, train_rmse-0.7839, valid_rmse-1.2644, valid_pr-0.7418
2022-11-14 15:36:36 - INFO - epoch-155, train_loss-0.6331, train_rmse-0.7957, valid_rmse-1.2877, valid_pr-0.7414
2022-11-14 15:36:56 - INFO - epoch-156, train_loss-0.6005, train_rmse-0.7749, valid_rmse-1.2703, valid_pr-0.7414
2022-11-14 15:37:17 - INFO - epoch-157, train_loss-0.6158, train_rmse-0.7847, valid_rmse-1.3295, valid_pr-0.7381
2022-11-14 15:37:39 - INFO - epoch-158, train_loss-0.6039, train_rmse-0.7771, valid_rmse-1.2793, valid_pr-0.7410
2022-11-14 15:38:01 - INFO - epoch-159, train_loss-0.5926, train_rmse-0.7698, valid_rmse-1.3095, valid_pr-0.7377
2022-11-14 15:38:23 - INFO - epoch-160, train_loss-0.5780, train_rmse-0.7602, valid_rmse-1.3203, valid_pr-0.7295
2022-11-14 15:38:43 - INFO - epoch-161, train_loss-0.6004, train_rmse-0.7749, valid_rmse-1.3581, valid_pr-0.7285
2022-11-14 15:39:05 - INFO - epoch-162, train_loss-0.6003, train_rmse-0.7748, valid_rmse-1.2581, valid_pr-0.7447
2022-11-14 15:39:26 - INFO - epoch-163, train_loss-0.5848, train_rmse-0.7647, valid_rmse-1.2856, valid_pr-0.7418
2022-11-14 15:39:47 - INFO - epoch-164, train_loss-0.5680, train_rmse-0.7536, valid_rmse-1.3015, valid_pr-0.7418
2022-11-14 15:40:09 - INFO - epoch-165, train_loss-0.5805, train_rmse-0.7619, valid_rmse-1.2577, valid_pr-0.7436
2022-11-14 15:40:31 - INFO - epoch-166, train_loss-0.5507, train_rmse-0.7421, valid_rmse-1.2646, valid_pr-0.7451
2022-11-14 15:40:52 - INFO - epoch-167, train_loss-0.5539, train_rmse-0.7442, valid_rmse-1.3170, valid_pr-0.7412
2022-11-14 15:41:14 - INFO - epoch-168, train_loss-0.5514, train_rmse-0.7426, valid_rmse-1.2606, valid_pr-0.7506
2022-11-14 15:41:36 - INFO - epoch-169, train_loss-0.5510, train_rmse-0.7423, valid_rmse-1.2902, valid_pr-0.7299
2022-11-14 15:41:58 - INFO - epoch-170, train_loss-0.5657, train_rmse-0.7521, valid_rmse-1.2919, valid_pr-0.7442
2022-11-14 15:42:21 - INFO - epoch-171, train_loss-0.5443, train_rmse-0.7378, valid_rmse-1.2579, valid_pr-0.7528
2022-11-14 15:42:42 - INFO - epoch-172, train_loss-0.5497, train_rmse-0.7414, valid_rmse-1.2543, valid_pr-0.7435
2022-11-14 15:43:05 - INFO - epoch-173, train_loss-0.5463, train_rmse-0.7392, valid_rmse-1.2871, valid_pr-0.7359
2022-11-14 15:43:27 - INFO - epoch-174, train_loss-0.5415, train_rmse-0.7358, valid_rmse-1.3070, valid_pr-0.7399
2022-11-14 15:43:48 - INFO - epoch-175, train_loss-0.5279, train_rmse-0.7266, valid_rmse-1.2867, valid_pr-0.7440
2022-11-14 15:44:11 - INFO - epoch-176, train_loss-0.5294, train_rmse-0.7276, valid_rmse-1.2836, valid_pr-0.7417
2022-11-14 15:44:33 - INFO - epoch-177, train_loss-0.5280, train_rmse-0.7266, valid_rmse-1.2908, valid_pr-0.7424
2022-11-14 15:44:57 - INFO - epoch-178, train_loss-0.5170, train_rmse-0.7190, valid_rmse-1.2641, valid_pr-0.7432
2022-11-14 15:45:18 - INFO - epoch-179, train_loss-0.5130, train_rmse-0.7163, valid_rmse-1.2943, valid_pr-0.7442
2022-11-14 15:45:40 - INFO - epoch-180, train_loss-0.5148, train_rmse-0.7175, valid_rmse-1.2510, valid_pr-0.7462
2022-11-14 15:46:01 - INFO - epoch-181, train_loss-0.5101, train_rmse-0.7142, valid_rmse-1.2934, valid_pr-0.7494
2022-11-14 15:46:22 - INFO - epoch-182, train_loss-0.5161, train_rmse-0.7184, valid_rmse-1.2568, valid_pr-0.7476
2022-11-14 15:46:44 - INFO - epoch-183, train_loss-0.4980, train_rmse-0.7057, valid_rmse-1.2628, valid_pr-0.7443
2022-11-14 15:47:05 - INFO - epoch-184, train_loss-0.5180, train_rmse-0.7197, valid_rmse-1.2760, valid_pr-0.7406
2022-11-14 15:47:27 - INFO - epoch-185, train_loss-0.4971, train_rmse-0.7051, valid_rmse-1.2782, valid_pr-0.7464
2022-11-14 15:47:48 - INFO - epoch-186, train_loss-0.4831, train_rmse-0.6951, valid_rmse-1.3313, valid_pr-0.7381
2022-11-14 15:48:11 - INFO - epoch-187, train_loss-0.4829, train_rmse-0.6949, valid_rmse-1.2828, valid_pr-0.7466
2022-11-14 15:48:33 - INFO - epoch-188, train_loss-0.4806, train_rmse-0.6933, valid_rmse-1.3007, valid_pr-0.7340
2022-11-14 15:48:54 - INFO - epoch-189, train_loss-0.4778, train_rmse-0.6912, valid_rmse-1.2727, valid_pr-0.7516
2022-11-14 15:49:18 - INFO - epoch-190, train_loss-0.4831, train_rmse-0.6951, valid_rmse-1.2981, valid_pr-0.7453
2022-11-14 15:49:40 - INFO - epoch-191, train_loss-0.4821, train_rmse-0.6943, valid_rmse-1.2622, valid_pr-0.7479
2022-11-14 15:50:01 - INFO - epoch-192, train_loss-0.4978, train_rmse-0.7055, valid_rmse-1.2887, valid_pr-0.7364
2022-11-14 15:50:25 - INFO - epoch-193, train_loss-0.4649, train_rmse-0.6819, valid_rmse-1.2697, valid_pr-0.7402
2022-11-14 15:50:47 - INFO - epoch-194, train_loss-0.4766, train_rmse-0.6903, valid_rmse-1.3256, valid_pr-0.7409
2022-11-14 15:51:09 - INFO - epoch-195, train_loss-0.4577, train_rmse-0.6766, valid_rmse-1.3116, valid_pr-0.7449
2022-11-14 15:51:31 - INFO - epoch-196, train_loss-0.4575, train_rmse-0.6764, valid_rmse-1.2479, valid_pr-0.7523
2022-11-14 15:51:53 - INFO - epoch-197, train_loss-0.4628, train_rmse-0.6803, valid_rmse-1.2962, valid_pr-0.7447
2022-11-14 15:52:15 - INFO - epoch-198, train_loss-0.4537, train_rmse-0.6736, valid_rmse-1.2509, valid_pr-0.7485
2022-11-14 15:52:37 - INFO - epoch-199, train_loss-0.4610, train_rmse-0.6790, valid_rmse-1.3057, valid_pr-0.7414
2022-11-14 15:52:58 - INFO - epoch-200, train_loss-0.4548, train_rmse-0.6744, valid_rmse-1.2678, valid_pr-0.7552
2022-11-14 15:53:20 - INFO - epoch-201, train_loss-0.4470, train_rmse-0.6686, valid_rmse-1.2719, valid_pr-0.7429
2022-11-14 15:53:41 - INFO - epoch-202, train_loss-0.4436, train_rmse-0.6660, valid_rmse-1.2602, valid_pr-0.7476
2022-11-14 15:54:03 - INFO - epoch-203, train_loss-0.4391, train_rmse-0.6626, valid_rmse-1.2883, valid_pr-0.7447
2022-11-14 15:54:26 - INFO - epoch-204, train_loss-0.4406, train_rmse-0.6638, valid_rmse-1.2860, valid_pr-0.7458
2022-11-14 15:54:48 - INFO - epoch-205, train_loss-0.4335, train_rmse-0.6584, valid_rmse-1.2703, valid_pr-0.7459
2022-11-14 15:55:09 - INFO - epoch-206, train_loss-0.4361, train_rmse-0.6604, valid_rmse-1.2622, valid_pr-0.7463
2022-11-14 15:55:30 - INFO - epoch-207, train_loss-0.4195, train_rmse-0.6477, valid_rmse-1.2713, valid_pr-0.7480
2022-11-14 15:55:50 - INFO - epoch-208, train_loss-0.4313, train_rmse-0.6568, valid_rmse-1.2928, valid_pr-0.7472
2022-11-14 15:56:11 - INFO - epoch-209, train_loss-0.4313, train_rmse-0.6567, valid_rmse-1.2478, valid_pr-0.7519
2022-11-14 15:56:32 - INFO - epoch-210, train_loss-0.4124, train_rmse-0.6422, valid_rmse-1.2957, valid_pr-0.7514
2022-11-14 15:56:53 - INFO - epoch-211, train_loss-0.4218, train_rmse-0.6495, valid_rmse-1.2612, valid_pr-0.7528
2022-11-14 15:57:14 - INFO - epoch-212, train_loss-0.4180, train_rmse-0.6465, valid_rmse-1.2918, valid_pr-0.7497
2022-11-14 15:57:34 - INFO - epoch-213, train_loss-0.4049, train_rmse-0.6363, valid_rmse-1.2884, valid_pr-0.7502
2022-11-14 15:57:56 - INFO - epoch-214, train_loss-0.4317, train_rmse-0.6571, valid_rmse-1.2578, valid_pr-0.7461
2022-11-14 15:58:19 - INFO - epoch-215, train_loss-0.4039, train_rmse-0.6355, valid_rmse-1.2632, valid_pr-0.7509
2022-11-14 15:58:42 - INFO - epoch-216, train_loss-0.4056, train_rmse-0.6369, valid_rmse-1.3004, valid_pr-0.7443
2022-11-14 15:59:03 - INFO - epoch-217, train_loss-0.4083, train_rmse-0.6390, valid_rmse-1.3045, valid_pr-0.7443
2022-11-14 15:59:25 - INFO - epoch-218, train_loss-0.4045, train_rmse-0.6360, valid_rmse-1.2842, valid_pr-0.7459
2022-11-14 15:59:46 - INFO - epoch-219, train_loss-0.4057, train_rmse-0.6370, valid_rmse-1.2576, valid_pr-0.7489
2022-11-14 16:00:09 - INFO - epoch-220, train_loss-0.3940, train_rmse-0.6277, valid_rmse-1.2675, valid_pr-0.7513
2022-11-14 16:00:31 - INFO - epoch-221, train_loss-0.3982, train_rmse-0.6310, valid_rmse-1.2836, valid_pr-0.7464
2022-11-14 16:00:53 - INFO - epoch-222, train_loss-0.4024, train_rmse-0.6343, valid_rmse-1.2520, valid_pr-0.7497
2022-11-14 16:01:14 - INFO - epoch-223, train_loss-0.3868, train_rmse-0.6219, valid_rmse-1.2893, valid_pr-0.7500
2022-11-14 16:01:37 - INFO - epoch-224, train_loss-0.3852, train_rmse-0.6206, valid_rmse-1.2797, valid_pr-0.7432
2022-11-14 16:01:57 - INFO - epoch-225, train_loss-0.3887, train_rmse-0.6235, valid_rmse-1.3058, valid_pr-0.7489
2022-11-14 16:02:16 - INFO - epoch-226, train_loss-0.3930, train_rmse-0.6269, valid_rmse-1.2496, valid_pr-0.7506
2022-11-14 16:02:37 - INFO - epoch-227, train_loss-0.3839, train_rmse-0.6196, valid_rmse-1.2637, valid_pr-0.7502
2022-11-14 16:02:57 - INFO - epoch-228, train_loss-0.3834, train_rmse-0.6192, valid_rmse-1.2454, valid_pr-0.7518
2022-11-14 16:03:18 - INFO - epoch-229, train_loss-0.3801, train_rmse-0.6165, valid_rmse-1.2721, valid_pr-0.7485
2022-11-14 16:03:40 - INFO - epoch-230, train_loss-0.3676, train_rmse-0.6063, valid_rmse-1.2807, valid_pr-0.7497
2022-11-14 16:04:02 - INFO - epoch-231, train_loss-0.3641, train_rmse-0.6034, valid_rmse-1.2622, valid_pr-0.7514
2022-11-14 16:04:25 - INFO - epoch-232, train_loss-0.3753, train_rmse-0.6126, valid_rmse-1.2650, valid_pr-0.7437
2022-11-14 16:04:46 - INFO - epoch-233, train_loss-0.3682, train_rmse-0.6068, valid_rmse-1.2557, valid_pr-0.7511
2022-11-14 16:05:07 - INFO - epoch-234, train_loss-0.3568, train_rmse-0.5974, valid_rmse-1.2446, valid_pr-0.7607
2022-11-14 16:05:27 - INFO - epoch-235, train_loss-0.3617, train_rmse-0.6014, valid_rmse-1.2453, valid_pr-0.7537
2022-11-14 16:05:49 - INFO - epoch-236, train_loss-0.3529, train_rmse-0.5940, valid_rmse-1.2667, valid_pr-0.7465
2022-11-14 16:06:09 - INFO - epoch-237, train_loss-0.3634, train_rmse-0.6028, valid_rmse-1.2637, valid_pr-0.7532
2022-11-14 16:06:29 - INFO - epoch-238, train_loss-0.3580, train_rmse-0.5983, valid_rmse-1.2808, valid_pr-0.7458
2022-11-14 16:06:50 - INFO - epoch-239, train_loss-0.3618, train_rmse-0.6015, valid_rmse-1.2562, valid_pr-0.7488
2022-11-14 16:07:11 - INFO - epoch-240, train_loss-0.3571, train_rmse-0.5976, valid_rmse-1.2679, valid_pr-0.7469
2022-11-14 16:07:32 - INFO - epoch-241, train_loss-0.3546, train_rmse-0.5955, valid_rmse-1.2476, valid_pr-0.7524
2022-11-14 16:07:52 - INFO - epoch-242, train_loss-0.3461, train_rmse-0.5883, valid_rmse-1.2878, valid_pr-0.7525
2022-11-14 16:08:13 - INFO - epoch-243, train_loss-0.3645, train_rmse-0.6037, valid_rmse-1.2694, valid_pr-0.7519
2022-11-14 16:08:35 - INFO - epoch-244, train_loss-0.3491, train_rmse-0.5908, valid_rmse-1.2760, valid_pr-0.7469
2022-11-14 16:08:57 - INFO - epoch-245, train_loss-0.3426, train_rmse-0.5853, valid_rmse-1.2719, valid_pr-0.7433
2022-11-14 16:09:17 - INFO - epoch-246, train_loss-0.3405, train_rmse-0.5836, valid_rmse-1.2901, valid_pr-0.7497
2022-11-14 16:09:38 - INFO - epoch-247, train_loss-0.3403, train_rmse-0.5834, valid_rmse-1.2633, valid_pr-0.7519
2022-11-14 16:10:00 - INFO - epoch-248, train_loss-0.3369, train_rmse-0.5805, valid_rmse-1.2590, valid_pr-0.7518
2022-11-14 16:10:24 - INFO - epoch-249, train_loss-0.3376, train_rmse-0.5811, valid_rmse-1.3084, valid_pr-0.7472
2022-11-14 16:10:46 - INFO - epoch-250, train_loss-0.3415, train_rmse-0.5844, valid_rmse-1.2714, valid_pr-0.7491
2022-11-14 16:11:09 - INFO - epoch-251, train_loss-0.3268, train_rmse-0.5717, valid_rmse-1.2743, valid_pr-0.7602
2022-11-14 16:11:32 - INFO - epoch-252, train_loss-0.3320, train_rmse-0.5762, valid_rmse-1.2790, valid_pr-0.7522
2022-11-14 16:11:55 - INFO - epoch-253, train_loss-0.3261, train_rmse-0.5710, valid_rmse-1.2684, valid_pr-0.7497
2022-11-14 16:12:16 - INFO - epoch-254, train_loss-0.3208, train_rmse-0.5664, valid_rmse-1.2631, valid_pr-0.7526
2022-11-14 16:12:39 - INFO - epoch-255, train_loss-0.3253, train_rmse-0.5704, valid_rmse-1.2514, valid_pr-0.7537
2022-11-14 16:13:00 - INFO - epoch-256, train_loss-0.3304, train_rmse-0.5748, valid_rmse-1.2611, valid_pr-0.7510
2022-11-14 16:13:21 - INFO - epoch-257, train_loss-0.3302, train_rmse-0.5746, valid_rmse-1.2967, valid_pr-0.7504
2022-11-14 16:13:45 - INFO - epoch-258, train_loss-0.3262, train_rmse-0.5711, valid_rmse-1.2769, valid_pr-0.7500
2022-11-14 16:14:07 - INFO - epoch-259, train_loss-0.3040, train_rmse-0.5514, valid_rmse-1.2521, valid_pr-0.7552
2022-11-14 16:14:30 - INFO - epoch-260, train_loss-0.3158, train_rmse-0.5620, valid_rmse-1.2424, valid_pr-0.7557
2022-11-14 16:14:53 - INFO - epoch-261, train_loss-0.3164, train_rmse-0.5625, valid_rmse-1.2622, valid_pr-0.7615
2022-11-14 16:15:14 - INFO - epoch-262, train_loss-0.3116, train_rmse-0.5583, valid_rmse-1.2555, valid_pr-0.7546
2022-11-14 16:15:36 - INFO - epoch-263, train_loss-0.3175, train_rmse-0.5635, valid_rmse-1.2426, valid_pr-0.7562
2022-11-14 16:15:58 - INFO - epoch-264, train_loss-0.3149, train_rmse-0.5611, valid_rmse-1.2580, valid_pr-0.7547
2022-11-14 16:16:21 - INFO - epoch-265, train_loss-0.3094, train_rmse-0.5562, valid_rmse-1.2668, valid_pr-0.7565
2022-11-14 16:16:41 - INFO - epoch-266, train_loss-0.3110, train_rmse-0.5577, valid_rmse-1.2297, valid_pr-0.7636
2022-11-14 16:17:03 - INFO - epoch-267, train_loss-0.3231, train_rmse-0.5684, valid_rmse-1.2659, valid_pr-0.7540
2022-11-14 16:17:23 - INFO - epoch-268, train_loss-0.3083, train_rmse-0.5552, valid_rmse-1.2602, valid_pr-0.7521
2022-11-14 16:17:45 - INFO - epoch-269, train_loss-0.3117, train_rmse-0.5583, valid_rmse-1.2597, valid_pr-0.7506
2022-11-14 16:18:06 - INFO - epoch-270, train_loss-0.3052, train_rmse-0.5524, valid_rmse-1.2548, valid_pr-0.7552
2022-11-14 16:18:28 - INFO - epoch-271, train_loss-0.3205, train_rmse-0.5661, valid_rmse-1.2836, valid_pr-0.7459
2022-11-14 16:18:51 - INFO - epoch-272, train_loss-0.3010, train_rmse-0.5486, valid_rmse-1.2558, valid_pr-0.7531
2022-11-14 16:19:16 - INFO - epoch-273, train_loss-0.2953, train_rmse-0.5434, valid_rmse-1.2866, valid_pr-0.7542
2022-11-14 16:19:40 - INFO - epoch-274, train_loss-0.3047, train_rmse-0.5520, valid_rmse-1.2625, valid_pr-0.7517
2022-11-14 16:20:03 - INFO - epoch-275, train_loss-0.2946, train_rmse-0.5427, valid_rmse-1.2987, valid_pr-0.7518
2022-11-14 16:20:26 - INFO - epoch-276, train_loss-0.2993, train_rmse-0.5471, valid_rmse-1.3072, valid_pr-0.7576
2022-11-14 16:20:50 - INFO - epoch-277, train_loss-0.2934, train_rmse-0.5416, valid_rmse-1.3142, valid_pr-0.7547
2022-11-14 16:21:15 - INFO - epoch-278, train_loss-0.2910, train_rmse-0.5395, valid_rmse-1.2421, valid_pr-0.7553
2022-11-14 16:21:39 - INFO - epoch-279, train_loss-0.2892, train_rmse-0.5378, valid_rmse-1.3239, valid_pr-0.7542
2022-11-14 16:22:03 - INFO - epoch-280, train_loss-0.2906, train_rmse-0.5391, valid_rmse-1.2475, valid_pr-0.7575
2022-11-14 16:22:29 - INFO - epoch-281, train_loss-0.3063, train_rmse-0.5535, valid_rmse-1.2556, valid_pr-0.7550
2022-11-14 16:22:54 - INFO - epoch-282, train_loss-0.2820, train_rmse-0.5310, valid_rmse-1.2682, valid_pr-0.7594
2022-11-14 16:23:19 - INFO - epoch-283, train_loss-0.2810, train_rmse-0.5301, valid_rmse-1.2440, valid_pr-0.7536
2022-11-14 16:23:43 - INFO - epoch-284, train_loss-0.2787, train_rmse-0.5280, valid_rmse-1.2871, valid_pr-0.7609
2022-11-14 16:24:07 - INFO - epoch-285, train_loss-0.3009, train_rmse-0.5486, valid_rmse-1.2722, valid_pr-0.7527
2022-11-14 16:24:35 - INFO - epoch-286, train_loss-0.2842, train_rmse-0.5331, valid_rmse-1.2517, valid_pr-0.7582
2022-11-14 16:25:01 - INFO - epoch-287, train_loss-0.2813, train_rmse-0.5304, valid_rmse-1.2540, valid_pr-0.7600
2022-11-14 16:25:27 - INFO - epoch-288, train_loss-0.2745, train_rmse-0.5239, valid_rmse-1.2445, valid_pr-0.7558
2022-11-14 16:25:51 - INFO - epoch-289, train_loss-0.2847, train_rmse-0.5336, valid_rmse-1.2889, valid_pr-0.7507
2022-11-14 16:26:15 - INFO - epoch-290, train_loss-0.2779, train_rmse-0.5272, valid_rmse-1.2540, valid_pr-0.7513
2022-11-14 16:26:40 - INFO - epoch-291, train_loss-0.2765, train_rmse-0.5258, valid_rmse-1.2644, valid_pr-0.7567
2022-11-14 16:27:04 - INFO - epoch-292, train_loss-0.2743, train_rmse-0.5238, valid_rmse-1.2784, valid_pr-0.7534
2022-11-14 16:27:29 - INFO - epoch-293, train_loss-0.2866, train_rmse-0.5353, valid_rmse-1.2658, valid_pr-0.7511
2022-11-14 16:27:53 - INFO - epoch-294, train_loss-0.2705, train_rmse-0.5201, valid_rmse-1.2487, valid_pr-0.7596
2022-11-14 16:28:18 - INFO - epoch-295, train_loss-0.2795, train_rmse-0.5286, valid_rmse-1.2407, valid_pr-0.7610
2022-11-14 16:28:43 - INFO - epoch-296, train_loss-0.2642, train_rmse-0.5140, valid_rmse-1.2664, valid_pr-0.7557
2022-11-14 16:29:08 - INFO - epoch-297, train_loss-0.2708, train_rmse-0.5204, valid_rmse-1.2925, valid_pr-0.7534
2022-11-14 16:29:30 - INFO - epoch-298, train_loss-0.2711, train_rmse-0.5206, valid_rmse-1.2396, valid_pr-0.7584
2022-11-14 16:29:56 - INFO - epoch-299, train_loss-0.2622, train_rmse-0.5120, valid_rmse-1.2427, valid_pr-0.7563
2022-11-14 16:30:22 - INFO - epoch-300, train_loss-0.2672, train_rmse-0.5169, valid_rmse-1.2609, valid_pr-0.7569
2022-11-14 16:30:46 - INFO - epoch-301, train_loss-0.2614, train_rmse-0.5113, valid_rmse-1.2661, valid_pr-0.7583
2022-11-14 16:31:12 - INFO - epoch-302, train_loss-0.2606, train_rmse-0.5105, valid_rmse-1.2601, valid_pr-0.7526
2022-11-14 16:31:36 - INFO - epoch-303, train_loss-0.2608, train_rmse-0.5107, valid_rmse-1.2553, valid_pr-0.7623
2022-11-14 16:32:01 - INFO - epoch-304, train_loss-0.2590, train_rmse-0.5089, valid_rmse-1.2675, valid_pr-0.7537
2022-11-14 16:32:25 - INFO - epoch-305, train_loss-0.2677, train_rmse-0.5174, valid_rmse-1.2570, valid_pr-0.7537
2022-11-14 16:32:50 - INFO - epoch-306, train_loss-0.2661, train_rmse-0.5159, valid_rmse-1.2551, valid_pr-0.7547
2022-11-14 16:33:13 - INFO - epoch-307, train_loss-0.2541, train_rmse-0.5041, valid_rmse-1.2693, valid_pr-0.7533
2022-11-14 16:33:37 - INFO - epoch-308, train_loss-0.2553, train_rmse-0.5053, valid_rmse-1.2690, valid_pr-0.7544
2022-11-14 16:34:01 - INFO - epoch-309, train_loss-0.2577, train_rmse-0.5076, valid_rmse-1.2714, valid_pr-0.7511
2022-11-14 16:34:26 - INFO - epoch-310, train_loss-0.2504, train_rmse-0.5004, valid_rmse-1.2661, valid_pr-0.7596
2022-11-14 16:34:51 - INFO - epoch-311, train_loss-0.2519, train_rmse-0.5019, valid_rmse-1.2473, valid_pr-0.7603
2022-11-14 16:35:14 - INFO - epoch-312, train_loss-0.2473, train_rmse-0.4973, valid_rmse-1.2448, valid_pr-0.7552
2022-11-14 16:35:37 - INFO - epoch-313, train_loss-0.2522, train_rmse-0.5022, valid_rmse-1.2636, valid_pr-0.7605
2022-11-14 16:36:01 - INFO - epoch-314, train_loss-0.2413, train_rmse-0.4912, valid_rmse-1.2599, valid_pr-0.7546
2022-11-14 16:36:24 - INFO - epoch-315, train_loss-0.2467, train_rmse-0.4967, valid_rmse-1.2443, valid_pr-0.7581
2022-11-14 16:36:48 - INFO - epoch-316, train_loss-0.2526, train_rmse-0.5026, valid_rmse-1.2502, valid_pr-0.7566
2022-11-14 16:37:10 - INFO - epoch-317, train_loss-0.2491, train_rmse-0.4991, valid_rmse-1.2603, valid_pr-0.7526
2022-11-14 16:37:10 - INFO - early stop in epoch 317
2022-11-14 16:37:10 - INFO - best_rmse: 1.2297
2022-11-14 16:37:24 - INFO - valid_rmse-1.2297, valid_pr-0.7636, test2013_rmse-1.3167, test2013_pr-0.8275, test2016_rmse-1.1536, test2016_pr-0.8484, test2019_rmse-1.4523, test2019_pr-0.6513,
